### ISSUE TITLE
taosdump 3.3.4.3 导出数据时吐核

### ISSUE THREAD

**Issue by MeeTwoo** [taosdata/TDengine#35437]
**Bug Description**
taosdump 出现吐核异常

**To Reproduce**
1. 相关命令如下
taosdump -D $DATABASES -s  -o "$SCHEMA_BAK_DIR"
taosdump -D $DATABASES -o "$DATA_BAK_DIR"
以上两个备份命令执行过程中都发生了吐核中断
2. [logs]# dmesg -T | grep -i -E "taosdump"
[六 8月 15 19:44:05 2026] taosdump[235178]: segfault at 0 ip 000000000042e793 sp 00007f04ae7b9820 error 4 in taosdump[418000+6d000]
[六 8月 15 20:05:12 2026] taosdump[11251]: segfault at 0 ip 000000000042e793 sp 00007f6e11fc0820 error 4 in taosdump[418000+6d000]
[六 8月 15 21:29:53 2026] taosdump[125659]: segfault at 0 ip 000000000042e793 sp 00007ff4a67f9820 error 4 in taosdump[418000+6d000]
3. 分析第2个命令生成的core文件，结果如下：
(gdb) bt
#0  0x000000000042e793 in ?? ()
#1  0x0000000000000000 in ?? ()
(gdb) bt full
#0  0x000000000042e793 in ?? ()
No symbol table info available.
#1  0x0000000000000000 in ?? ()
No symbol table info available.
(gdb) frame 0
#0  0x000000000042e793 in ?? ()
(gdb) disassemble
No function contains program counter for selected frame.
(gdb) info registers
rax            0x0	0
rbx            0x2f51888	49617032
rcx            0x1	1
rdx            0x2f5d810	49666064
rsi            0x2f49150	49582416
rdi            0x162	354
rbp            0x162	0x162
rsp            0x7ff4a67f9820	0x7ff4a67f9820
r8             0x2f518a0	49617056
r9             0x2ecd0a0	49074336
r10            0x7ff49c000078	140688565993592
r11            0x7ff5cf657590	140693723248016
r12            0x0	0
r13            0x2f518a0	49617056
r14            0x7ff4a67f99e0	140688742128096
r15            0x0	0
rip            0x42e793	0x42e793
eflags         0x10202	[ IF RF ]
cs             0x33	51
ss             0x2b	43
ds             0x0	0
es             0x0	0
fs             0x0	0
gs             0x0	0
(gdb) disassemble 0x42e780, 0x42e7a0
Dump of assembler code from 0x42e780 to 0x42e7a0:
   0x000000000042e780:	Cannot access memory at address 0x42e780

**Environment (please complete the following information):**
 - OS: CentOS-7
 - Memory 125G, CPU 24核2线程, current Disk Space 17T已用83%
 - TDengine Version 3.3.4.3

**Comment by DuanKuanJun** [comment]
@MeeTwoo , May I ask if remote access is available ? we can remote to your machine to find core reason

**Comment by MeeTwoo** [comment]
@DuanKuanJun I'm sorry, I'm unable to enable remote connection. I re-analyzed the core file, and the output is as follows. Is there a bug in the 3.3.4.3 version of taosdump? If so, which subsequent version has resolved it?

Using host libthread_db library "/lib64/libthread_db.so.1".
Core was generated by `taosdump -D adm,bdm -S 2025-09-11 00:00:00 -E 2025-09-12 00:00:00 -o /opt/taosd'.
Program terminated with signal 11, Segmentation fault.
#0  0x000000000042e793 in dumpNormalTable ()
Missing separate debuginfos, use: debuginfo-install glibc-2.17-326.el7_9.x86_64 libgcc-4.8.5-44.el7.x86_64 libstdc++-4.8.5-44.el7.x86_64 xz-libs-5.2.2-2.el7_9.x86_64
(gdb) bt
#0  0x000000000042e793 in dumpNormalTable ()
#1  0x000000000042fbb7 in dumpTablesOfStbThread ()
#2  0x00007fbe8c0d3ea5 in start_thread () from /lib64/libpthread.so.0
#3  0x00007fbe8b3edb0d in clone () from /lib64/libc.so.6
(gdb) frame 0
#0  0x000000000042e793 in dumpNormalTable ()
(gdb) info args
No symbol table info available.
(gdb) info locals
No symbol table info available.
(gdb) list
1	/data/release/main/TDinternal/community/source/client/src/clientEnv.c: 没有那个文件或目录.
(gdb) set pagination off
(gdb) thread
[Current thread is 1 (Thread 0x7fbd3ffff700 (LWP 39098))]
(gdb) bt full
#0  0x000000000042e793 in dumpNormalTable ()
No symbol table info available.
#1  0x000000000042fbb7 in dumpTablesOfStbThread ()
No symbol table info available.
#2  0x00007fbe8c0d3ea5 in start_thread () from /lib64/libpthread.so.0
No symbol table info available.
#3  0x00007fbe8b3edb0d in clone () from /lib64/libc.so.6
No symbol table info available.
(gdb) info registers
rax            0x0	0
rbx            0x447f248	71823944
rcx            0x1	1
rdx            0x44907c0	71894976
rsi            0x4483e90	71843472
rdi            0x1bb	443
rbp            0x1bb	0x1bb
rsp            0x7fbd3fffc820	0x7fbd3fffc820
r8             0x447f260	71823968
r9             0x4400050	71303248
r10            0x7fbd50000078	140451067723896
r11            0x7fbe8b47c590	140456357250448
r12            0x0	0
r13            0x447f260	71823968
r14            0x7fbd3fffc9e0	140450799274464
r15            0x0	0
rip            0x42e793	0x42e793 <dumpNormalTable+35>
eflags         0x10202	[ IF RF ]
cs             0x33	51
ss             0x2b	43
ds             0x0	0
es             0x0	0
fs             0x0	0
gs             0x0	0
(gdb) x/16i $pc-32
   0x42e773 <dumpNormalTable+3>:	push   %rsi
   0x42e774 <dumpNormalTable+4>:	push   %r13
   0x42e776 <dumpNormalTable+6>:	push   %r12
   0x42e778 <dumpNormalTable+8>:	push   %rbp
   0x42e779 <dumpNormalTable+9>:	push   %rbx
   0x42e77a <dumpNormalTable+10>:	sub    $0x158,%rsp
   0x42e781 <dumpNormalTable+17>:	mov    0x190(%rsp),%rax
   0x42e789 <dumpNormalTable+25>:	mov    %rdi,0x8(%rsp)
   0x42e78e <dumpNormalTable+30>:	mov    %r9,0x10(%rsp)
=> 0x42e793 <dumpNormalTable+35>:	cmpb   $0x0,(%rax)
   0x42e796 <dumpNormalTable+38>:	je     0x42f60e <dumpNormalTable+3742>
   0x42e79c <dumpNormalTable+44>:	mov    %rsi,%r12
   0x42e79f <dumpNormalTable+47>:	mov    %rdx,%r13
   0x42e7a2 <dumpNormalTable+50>:	mov    %ecx,%ebp
   0x42e7a4 <dumpNormalTable+52>:	mov    %r8,%r14
   0x42e7a7 <dumpNormalTable+55>:	movq   $0x0,0x78(%rsp)
(gdb) disassemble /r dumpNormalTable
Dump of assembler code for function dumpNormalTable:
   0x000000000042e770 <+0>:	41 57	push   %r15
   0x000000000042e772 <+2>:	41 56	push   %r14
   0x000000000042e774 <+4>:	41 55	push   %r13
   0x000000000042e776 <+6>:	41 54	push   %r12
   0x000000000042e778 <+8>:	55	push   %rbp
   0x000000000042e779 <+9>:	53	push   %rbx
   0x000000000042e77a <+10>:	48 81 ec 58 01 00 00	sub    $0x158,%rsp
   0x000000000042e781 <+17>:	48 8b 84 24 90 01 00 00	mov    0x190(%rsp),%rax
   0x000000000042e789 <+25>:	48 89 7c 24 08	mov    %rdi,0x8(%rsp)
   0x000000000042e78e <+30>:	4c 89 4c 24 10	mov    %r9,0x10(%rsp)
=> 0x000000000042e793 <+35>:	80 38 00	cmpb   $0x0,(%rax)
   0x000000000042e796 <+38>:	0f 84 72 0e 00 00	je     0x42f60e <dumpNormalTable+3742>
   0x000000000042e79c <+44>:	49 89 f4	mov    %rsi,%r12
   0x000000000042e79f <+47>:	49 89 d5	mov    %rdx,%r13
   0x000000000042e7a2 <+50>:	89 cd	mov    %ecx,%ebp
   0x000000000042e7a4 <+52>:	4d 89 c6	mov    %r8,%r14
   0x000000000042e7a7 <+55>:	48 c7 44 24 78 00 00 00 00	movq   $0x0,0x78(%rsp)
   0x000000000042e7b0 <+64>:	4d 85 c0	test   %r8,%r8
   0x000000000042e7b3 <+67>:	0f 84 97 00 00 00	je     0x42e850 <dumpNormalTable+224>
   0x000000000042e7b9 <+73>:	41 80 38 00	cmpb   $0x0,(%r8)
   0x000000000042e7bd <+77>:	0f 84 8d 00 00 00	je     0x42e850 <dumpNormalTable+224>
   0x000000000042e7c3 <+83>:	80 3d 10 04 08 00 00	cmpb   $0x0,0x80410(%rip)        # 0x4aebda <g_args+7642>
   0x000000000042e7ca <+90>:	0f 84 58 05 00 00	je     0x42ed28 <dumpNormalTable+1464>
   0x000000000042e7d0 <+96>:	45 31 ff	xor    %r15d,%r15d
   0x000000000042e7d3 <+99>:	80 3d fe 03 08 00 00	cmpb   $0x0,0x803fe(%rip)        # 0x4aebd8 <g_args+7640>
   0x000000000042e7da <+106>:	0f 85 39 01 00 00	jne    0x42e919 <dumpNormalTable+425>
   0x000000000042e7e0 <+112>:	be d0 80 07 00	mov    $0x780d0,%esi
   0x000000000042e7e5 <+117>:	bf 01 00 00 00	mov    $0x1,%edi
   0x000000000042e7ea <+122>:	e8 71 9b fe ff	callq  0x418360 <calloc@plt>
   0x000000000042e7ef <+127>:	48 89 44 24 78	mov    %rax,0x78(%rsp)
   0x000000000042e7f4 <+132>:	48 85 c0	test   %rax,%rax
   0x000000000042e7f7 <+135>:	0f 84 26 10 00 00	je     0x42f823 <dumpNormalTable+4275>
   0x000000000042e7fd <+141>:	66 83 3d 63 04 08 00 00	cmpw   $0x0,0x80463(%rip)        # 0x4aec68 <g_args+7784>
   0x000000000042e805 <+149>:	48 8b 7c 24 10	mov    0x10(%rsp),%rdi
   0x000000000042e80a <+154>:	48 8d 54 24 78	lea    0x78(%rsp),%rdx
   0x000000000042e80f <+159>:	48 8b b4 24 90 01 00 00	mov    0x190(%rsp),%rsi
   0x000000000042e817 <+167>:	0f 85 03 0a 00 00	jne    0x42f220 <dumpNormalTable+2736>
   0x000000000042e81d <+173>:	e8 0e e8 ff ff	callq  0x42d030 <constructTableDesFromStb>
   0x000000000042e822 <+178>:	48 8d 4c 24 78	lea    0x78(%rsp),%rcx
   0x000000000042e827 <+183>:	4c 89 ee	mov    %r13,%rsi
   0x000000000042e82a <+186>:	4c 89 e7	mov    %r12,%rdi
   0x000000000042e82d <+189>:	48 8b 94 24 90 01 00 00	mov    0x190(%rsp),%rdx
   0x000000000042e835 <+197>:	e8 66 32 ff ff	callq  0x421aa0 <getTableTagValueNative>
   0x000000000042e83a <+202>:	89 c3	mov    %eax,%ebx
   0x000000000042e83c <+204>:	85 db	test   %ebx,%ebx
   0x000000000042e83e <+206>:	0f 88 1c 0c 00 00	js     0x42f460 <dumpNormalTable+3312>
   0x000000000042e844 <+212>:	48 8b 7c 24 78	mov    0x78(%rsp),%rdi
   0x000000000042e849 <+217>:	e9 51 01 00 00	jmpq   0x42e99f <dumpNormalTable+559>
   0x000000000042e84e <+222>:	66 90	xchg   %ax,%ax
   0x000000000042e850 <+224>:	be d0 80 07 00	mov    $0x780d0,%esi
   0x000000000042e855 <+229>:	bf 01 00 00 00	mov    $0x1,%edi
   0x000000000042e85a <+234>:	e8 01 9b fe ff	callq  0x418360 <calloc@plt>
   0x000000000042e85f <+239>:	48 89 44 24 78	mov    %rax,0x78(%rsp)
   0x000000000042e864 <+244>:	48 89 c1	mov    %rax,%rcx
   0x000000000042e867 <+247>:	48 85 c0	test   %rax,%rax
   0x000000000042e86a <+250>:	0f 84 a9 0e 00 00	je     0x42f719 <dumpNormalTable+4009>
   0x000000000042e870 <+256>:	41 89 e8	mov    %ebp,%r8d
   0x000000000042e873 <+259>:	48 8b 94 24 90 01 00 00	mov    0x190(%rsp),%rdx
   0x000000000042e87b <+267>:	4c 89 ee	mov    %r13,%rsi
   0x000000000042e87e <+270>:	4c 89 e7	mov    %r12,%rdi
   0x000000000042e881 <+273>:	41 83 f0 01	xor    $0x1,%r8d
   0x000000000042e885 <+277>:	66 83 3d db 03 08 00 00	cmpw   $0x0,0x803db(%rip)        # 0x4aec68 <g_args+7784>
   0x000000000042e88d <+285>:	45 0f b6 c0	movzbl %r8b,%r8d
   0x000000000042e891 <+289>:	0f 85 99 00 00 00	jne    0x42e930 <dumpNormalTable+448>
   0x000000000042e897 <+295>:	e8 54 46 ff ff	callq  0x422ef0 <getTableDesNative>
   0x000000000042e89c <+300>:	89 c3	mov    %eax,%ebx
   0x000000000042e89e <+302>:	85 db	test   %ebx,%ebx
   0x000000000042e8a0 <+304>:	0f 88 d8 0d 00 00	js     0x42f67e <dumpNormalTable+3854>
   0x000000000042e8a6 <+310>:	80 3d 2d 03 08 00 00	cmpb   $0x0,0x8032d(%rip)        # 0x4aebda <g_args+7642>
   0x000000000042e8ad <+317>:	0f 84 2d 01 00 00	je     0x42e9e0 <dumpNormalTable+624>
   0x000000000042e8b3 <+323>:	48 8b 8c 24 90 01 00 00	mov    0x190(%rsp),%rcx
   0x000000000042e8bb <+331>:	48 8b b4 24 a0 01 00 00	mov    0x1a0(%rsp),%rsi
   0x000000000042e8c3 <+339>:	45 31 c0	xor    %r8d,%r8d
   0x000000000042e8c6 <+342>:	4c 89 ea	mov    %r13,%rdx
   0x000000000042e8c9 <+345>:	40 84 ed	test   %bpl,%bpl
   0x000000000042e8cc <+348>:	75 72	jne    0x42e940 <dumpNormalTable+464>
   0x000000000042e8ce <+350>:	bf 01 00 00 00	mov    $0x1,%edi
   0x000000000042e8d3 <+355>:	e8 08 d6 fe ff	callq  0x41bee0 <generateFilename>
   0x000000000042e8d8 <+360>:	85 c0	test   %eax,%eax
   0x000000000042e8da <+362>:	0f 85 ee 0b 00 00	jne    0x42f4ce <dumpNormalTable+3422>
   0x000000000042e8e0 <+368>:	48 8b 74 24 78	mov    0x78(%rsp),%rsi
   0x000000000042e8e5 <+373>:	48 8b bc 24 a0 01 00 00	mov    0x1a0(%rsp),%rdi
   0x000000000042e8ed <+381>:	4c 89 ea	mov    %r13,%rdx
   0x000000000042e8f0 <+384>:	e8 4b a7 ff ff	callq  0x429040 <dumpCreateTableClauseAvro.isra.0>
   0x000000000042e8f5 <+389>:	80 3d dc 02 08 00 00	cmpb   $0x0,0x802dc(%rip)        # 0x4aebd8 <g_args+7640>
   0x000000000042e8fc <+396>:	0f 84 86 00 00 00	je     0x42e988 <dumpNormalTable+536>
   0x000000000042e902 <+402>:	48 8b 7c 24 78	mov    0x78(%rsp),%rdi
   0x000000000042e907 <+407>:	45 31 ff	xor    %r15d,%r15d
   0x000000000042e90a <+410>:	48 85 ff	test   %rdi,%rdi
   0x000000000042e90d <+413>:	74 0a	je     0x42e919 <dumpNormalTable+425>
   0x000000000042e90f <+415>:	be 01 00 00 00	mov    $0x1,%esi
   0x000000000042e914 <+420>:	e8 47 0e ff ff	callq  0x41f760 <freeTbDes.part.0>
   0x000000000042e919 <+425>:	48 81 c4 58 01 00 00	add    $0x158,%rsp
   0x000000000042e920 <+432>:	4c 89 f8	mov    %r15,%rax
   0x000000000042e923 <+435>:	5b	pop    %rbx
   0x000000000042e924 <+436>:	5d	pop    %rbp
   0x000000000042e925 <+437>:	41 5c	pop    %r12
   0x000000000042e927 <+439>:	41 5d	pop    %r13
   0x000000000042e929 <+441>:	41 5e	pop    %r14
   0x000000000042e92b <+443>:	41 5f	pop    %r15
   0x000000000042e92d <+445>:	c3	retq   
   0x000000000042e92e <+446>:	66 90	xchg   %ax,%ax
   0x000000000042e930 <+448>:	e8 1b 40 ff ff	callq  0x422950 <getTableDesWS>
   0x000000000042e935 <+453>:	89 c3	mov    %eax,%ebx
   0x000000000042e937 <+455>:	e9 62 ff ff ff	jmpq   0x42e89e <dumpNormalTable+302>
   0x000000000042e93c <+460>:	0f 1f 40 00	nopl   0x0(%rax)
   0x000000000042e940 <+464>:	31 ff	xor    %edi,%edi
   0x000000000042e942 <+466>:	e8 99 d5 fe ff	callq  0x41bee0 <generateFilename>
   0x000000000042e947 <+471>:	85 c0	test   %eax,%eax
   0x000000000042e949 <+473>:	0f 85 7f 0b 00 00	jne    0x42f4ce <dumpNormalTable+3422>
   0x000000000042e94f <+479>:	f7 05 03 03 08 00 00 ff ff 00	testl  $0xffff00,0x80303(%rip)        # 0x4aec5c <g_args+7772>
   0x000000000042e959 <+489>:	74 85	je     0x42e8e0 <dumpNormalTable+368>
   0x000000000042e95b <+491>:	4c 8b 84 24 a0 01 00 00	mov    0x1a0(%rsp),%r8
   0x000000000042e963 <+499>:	48 8b 3d 86 54 08 00	mov    0x85486(%rip),%rdi        # 0x4b3df0 <stdout@@GLIBC_2.2.5>
   0x000000000042e96a <+506>:	b9 24 22 00 00	mov    $0x2224,%ecx
   0x000000000042e96f <+511>:	31 c0	xor    %eax,%eax
   0x000000000042e971 <+513>:	ba a0 ca 48 00	mov    $0x48caa0,%edx
   0x000000000042e976 <+518>:	be 60 90 48 00	mov    $0x489060,%esi
   0x000000000042e97b <+523>:	e8 30 9e fe ff	callq  0x4187b0 <fprintf@plt>
   0x000000000042e980 <+528>:	e9 5b ff ff ff	jmpq   0x42e8e0 <dumpNormalTable+368>
   0x000000000042e985 <+533>:	0f 1f 00	nopl   (%rax)
   0x000000000042e988 <+536>:	80 3d 4b 02 08 00 00	cmpb   $0x0,0x8024b(%rip)        # 0x4aebda <g_args+7642>
   0x000000000042e98f <+543>:	74 6f	je     0x42ea00 <dumpNormalTable+656>
   0x000000000042e991 <+545>:	48 8b 7c 24 78	mov    0x78(%rsp),%rdi
   0x000000000042e996 <+550>:	48 85 ff	test   %rdi,%rdi
   0x000000000042e999 <+553>:	0f 84 41 fe ff ff	je     0x42e7e0 <dumpNormalTable+112>
   0x000000000042e99f <+559>:	48 83 ec 08	sub    $0x8,%rsp
   0x000000000042e9a3 <+563>:	40 0f b6 d5	movzbl %bpl,%edx
   0x000000000042e9a7 <+567>:	41 89 d9	mov    %ebx,%r9d
   0x000000000042e9aa <+570>:	4c 89 e9	mov    %r13,%rcx
   0x000000000042e9ad <+573>:	57	push   %rdi
   0x000000000042e9ae <+574>:	48 8b 7c 24 18	mov    0x18(%rsp),%rdi
   0x000000000042e9b3 <+579>:	44 8b 84 24 a8 01 00 00	mov    0x1a8(%rsp),%r8d
   0x000000000042e9bb <+587>:	48 8b b4 24 a0 01 00 00	mov    0x1a0(%rsp),%rsi
   0x000000000042e9c3 <+595>:	e8 08 ee ff ff	callq  0x42d7d0 <dumpTableDataAvro>
   0x000000000042e9c8 <+600>:	48 8b bc 24 88 00 00 00	mov    0x88(%rsp),%rdi
   0x000000000042e9d0 <+608>:	41 5e	pop    %r14
   0x000000000042e9d2 <+610>:	49 89 c7	mov    %rax,%r15
   0x000000000042e9d5 <+613>:	58	pop    %rax
   0x000000000042e9d6 <+614>:	e9 2f ff ff ff	jmpq   0x42e90a <dumpNormalTable+410>
   0x000000000042e9db <+619>:	0f 1f 44 00 00	nopl   0x0(%rax,%rax,1)
   0x000000000042e9e0 <+624>:	48 8b b4 24 a8 01 00 00	mov    0x1a8(%rsp),%rsi
   0x000000000042e9e8 <+632>:	48 8b 7c 24 78	mov    0x78(%rsp),%rdi
   0x000000000042e9ed <+637>:	4c 89 ea	mov    %r13,%rdx
   0x000000000042e9f0 <+640>:	e8 db 9c ff ff	callq  0x4286d0 <dumpCreateTableClause.isra.0>
   0x000000000042e9f5 <+645>:	e9 fb fe ff ff	jmpq   0x42e8f5 <dumpNormalTable+389>
   0x000000000042e9fa <+650>:	66 0f 1f 44 00 00	nopw   0x0(%rax,%rax,1)
   0x000000000042ea00 <+656>:	8b bc 24 98 01 00 00	mov    0x198(%rsp),%edi
   0x000000000042ea07 <+663>:	e8 94 91 ff ff	callq  0x427ba0 <getStartTime>
   0x000000000042ea0c <+668>:	8b bc 24 98 01 00 00	mov    0x198(%rsp),%edi
   0x000000000042ea13 <+675>:	48 89 c3	mov    %rax,%rbx
   0x000000000042ea16 <+678>:	e8 65 92 ff ff	callq  0x427c80 <getEndTime>
   0x000000000042ea1b <+683>:	48 89 c5	mov    %rax,%rbp
   0x000000000042ea1e <+686>:	48 83 fb ff	cmp    $0xffffffffffffffff,%rbx
   0x000000000042ea22 <+690>:	0f 84 45 0c 00 00	je     0x42f66d <dumpNormalTable+3837>
   0x000000000042ea28 <+696>:	48 83 f8 ff	cmp    $0xffffffffffffffff,%rax
   0x000000000042ea2c <+700>:	0f 84 3b 0c 00 00	je     0x42f66d <dumpNormalTable+3837>
   0x000000000042ea32 <+706>:	66 83 3d 2e 02 08 00 00	cmpw   $0x0,0x8022e(%rip)        # 0x4aec68 <g_args+7784>
   0x000000000042ea3a <+714>:	0f 84 08 05 00 00	je     0x42ef48 <dumpNormalTable+2008>
   0x000000000042ea40 <+720>:	31 c0	xor    %eax,%eax
   0x000000000042ea42 <+722>:	e8 d9 b1 ff ff	callq  0x429c20 <wsConnect>
   0x000000000042ea47 <+727>:	48 89 44 24 58	mov    %rax,0x58(%rsp)
   0x000000000042ea4c <+732>:	48 85 c0	test   %rax,%rax
   0x000000000042ea4f <+735>:	0f 84 18 0c 00 00	je     0x42f66d <dumpNormalTable+3837>
   0x000000000042ea55 <+741>:	8b 8c 24 98 01 00 00	mov    0x198(%rsp),%ecx
   0x000000000042ea5c <+748>:	49 89 e9	mov    %rbp,%r9
   0x000000000042ea5f <+751>:	49 89 d8	mov    %rbx,%r8
   0x000000000042ea62 <+754>:	4c 89 ee	mov    %r13,%rsi
   0x000000000042ea65 <+757>:	48 8b 94 24 90 01 00 00	mov    0x190(%rsp),%rdx
   0x000000000042ea6d <+765>:	48 8b 7c 24 58	mov    0x58(%rsp),%rdi
   0x000000000042ea72 <+770>:	49 c7 c7 ff ff ff ff	mov    $0xffffffffffffffff,%r15
   0x000000000042ea79 <+777>:	e8 92 fa ff ff	callq  0x42e510 <queryDbForDumpOutWS>
   0x000000000042ea7e <+782>:	48 89 44 24 38	mov    %rax,0x38(%rsp)
   0x000000000042ea83 <+787>:	48 85 c0	test   %rax,%rax
   0x000000000042ea86 <+790>:	0f 84 79 02 00 00	je     0x42ed05 <dumpNormalTable+1429>
   0x000000000042ea8c <+796>:	8b 05 aa 01 08 00	mov    0x801aa(%rip),%eax        # 0x4aec3c <g_args+7740>
   0x000000000042ea92 <+802>:	bf 01 00 00 00	mov    $0x1,%edi
   0x000000000042ea97 <+807>:	8d b0 80 00 00 00	lea    0x80(%rax),%esi
   0x000000000042ea9d <+813>:	89 44 24 40	mov    %eax,0x40(%rsp)
   0x000000000042eaa1 <+817>:	48 63 f6	movslq %esi,%rsi
   0x000000000042eaa4 <+820>:	e8 b7 98 fe ff	callq  0x418360 <calloc@plt>
   0x000000000042eaa9 <+825>:	48 89 c5	mov    %rax,%rbp
   0x000000000042eaac <+828>:	48 85 c0	test   %rax,%rax
   0x000000000042eaaf <+831>:	0f 84 13 0d 00 00	je     0x42f7c8 <dumpNormalTable+4184>
   0x000000000042eab5 <+837>:	48 8b 7c 24 38	mov    0x38(%rsp),%rdi
   0x000000000042eaba <+842>:	e8 61 9b fe ff	callq  0x418620 <ws_field_count@plt>
   0x000000000042eabf <+847>:	89 44 24 20	mov    %eax,0x20(%rsp)
   0x000000000042eac3 <+851>:	85 c0	test   %eax,%eax
   0x000000000042eac5 <+853>:	0f 8e e5 0a 00 00	jle    0x42f5b0 <dumpNormalTable+3648>
   0x000000000042eacb <+859>:	83 3d 26 55 08 00 03	cmpl   $0x3,0x85526(%rip)        # 0x4b3ff8 <g_majorVersionOfClient>
   0x000000000042ead2 <+866>:	48 8b 7c 24 38	mov    0x38(%rsp),%rdi
   0x000000000042ead7 <+871>:	0f 84 c3 0a 00 00	je     0x42f5a0 <dumpNormalTable+3632>
   0x000000000042eadd <+877>:	e8 0e 9f fe ff	callq  0x4189f0 <ws_fetch_fields_v2@plt>
   0x000000000042eae2 <+882>:	48 89 44 24 48	mov    %rax,0x48(%rsp)
   0x000000000042eae7 <+887>:	48 8d 84 24 80 00 00 00	lea    0x80(%rsp),%rax
   0x000000000042eaef <+895>:	4c 89 6c 24 30	mov    %r13,0x30(%rsp)
   0x000000000042eaf4 <+900>:	45 31 ff	xor    %r15d,%r15d
   0x000000000042eaf7 <+903>:	c7 44 24 08 00 00 00 00	movl   $0x0,0x8(%rsp)
   0x000000000042eaff <+911>:	c7 44 24 10 00 00 00 00	movl   $0x0,0x10(%rsp)
   0x000000000042eb07 <+919>:	48 c7 44 24 28 40 4b 4c 00	movq   $0x4c4b40,0x28(%rsp)
   0x000000000042eb10 <+928>:	48 89 44 24 50	mov    %rax,0x50(%rsp)
   0x000000000042eb15 <+933>:	0f 1f 00	nopl   (%rax)
   0x000000000042eb18 <+936>:	48 8b 74 24 50	mov    0x50(%rsp),%rsi
   0x000000000042eb1d <+941>:	48 8b 7c 24 38	mov    0x38(%rsp),%rdi
   0x000000000042eb22 <+946>:	48 8d 54 24 70	lea    0x70(%rsp),%rdx
   0x000000000042eb27 <+951>:	c7 44 24 70 00 00 00 00	movl   $0x0,0x70(%rsp)
   0x000000000042eb2f <+959>:	48 c7 84 24 80 00 00 00 00 00 00 00	movq   $0x0,0x80(%rsp)
   0x000000000042eb3b <+971>:	e8 a0 9b fe ff	callq  0x4186e0 <ws_fetch_raw_block@plt>
   0x000000000042eb40 <+976>:	85 c0	test   %eax,%eax
   0x000000000042eb42 <+978>:	0f 85 18 01 00 00	jne    0x42ec60 <dumpNormalTable+1264>
   0x000000000042eb48 <+984>:	44 8b 6c 24 70	mov    0x70(%rsp),%r13d
   0x000000000042eb4d <+989>:	45 85 ed	test   %r13d,%r13d
   0x000000000042eb50 <+992>:	0f 84 8a 09 00 00	je     0x42f4e0 <dumpNormalTable+3440>
   0x000000000042eb56 <+998>:	bb 00 00 00 00	mov    $0x0,%ebx
   0x000000000042eb5b <+1003>:	7e bb	jle    0x42eb18 <dumpNormalTable+936>
   0x000000000042eb5d <+1005>:	0f 1f 00	nopl   (%rax)
   0x000000000042eb60 <+1008>:	44 8b 64 24 10	mov    0x10(%rsp),%r12d
   0x000000000042eb65 <+1013>:	45 85 e4	test   %r12d,%r12d
   0x000000000042eb68 <+1016>:	0f 85 32 07 00 00	jne    0x42f2a0 <dumpNormalTable+2864>
   0x000000000042eb6e <+1022>:	48 8b 54 24 30	mov    0x30(%rsp),%rdx
   0x000000000042eb73 <+1027>:	be 0f 5a 48 00	mov    $0x485a0f,%esi
   0x000000000042eb78 <+1032>:	48 89 ef	mov    %rbp,%rdi
   0x000000000042eb7b <+1035>:	31 c0	xor    %eax,%eax
   0x000000000042eb7d <+1037>:	48 8b 8c 24 90 01 00 00	mov    0x190(%rsp),%rcx
   0x000000000042eb85 <+1045>:	e8 76 95 fe ff	callq  0x418100 <sprintf@plt>
   0x000000000042eb8a <+1050>:	44 8b 54 24 20	mov    0x20(%rsp),%r10d
   0x000000000042eb8f <+1055>:	c7 44 24 08 00 00 00 00	movl   $0x0,0x8(%rsp)
   0x000000000042eb97 <+1063>:	41 89 c6	mov    %eax,%r14d
   0x000000000042eb9a <+1066>:	45 85 d2	test   %r10d,%r10d
   0x000000000042eb9d <+1069>:	0f 8e 1c 07 00 00	jle    0x42f2bf <dumpNormalTable+2895>
   0x000000000042eba3 <+1075>:	48 8b 44 24 48	mov    0x48(%rsp),%rax
   0x000000000042eba8 <+1080>:	45 31 e4	xor    %r12d,%r12d
   0x000000000042ebab <+1083>:	4c 8d 68 41	lea    0x41(%rax),%r13
   0x000000000042ebaf <+1087>:	89 d8	mov    %ebx,%eax
   0x000000000042ebb1 <+1089>:	4c 89 6c 24 18	mov    %r13,0x18(%rsp)
   0x000000000042ebb6 <+1094>:	4c 89 eb	mov    %r13,%rbx
   0x000000000042ebb9 <+1097>:	45 89 f5	mov    %r14d,%r13d
   0x000000000042ebbc <+1100>:	41 89 c6	mov    %eax,%r14d
   0x000000000042ebbf <+1103>:	eb 4e	jmp    0x42ec0f <dumpNormalTable+1183>
   0x000000000042ebc1 <+1105>:	0f 1f 80 00 00 00 00	nopl   0x0(%rax)
   0x000000000042ebc8 <+1112>:	48 8b 44 24 18	mov    0x18(%rsp),%rax
   0x000000000042ebcd <+1117>:	44 89 ee	mov    %r13d,%esi
   0x000000000042ebd0 <+1120>:	48 89 ef	mov    %rbp,%rdi
   0x000000000042ebd3 <+1123>:	0f b6 10	movzbl (%rax),%edx
   0x000000000042ebd6 <+1126>:	e8 75 1f ff ff	callq  0x420b50 <processResultValue>
   0x000000000042ebdb <+1131>:	41 01 c5	add    %eax,%r13d
   0x000000000042ebde <+1134>:	49 63 c5	movslq %r13d,%rax
   0x000000000042ebe1 <+1137>:	48 83 44 24 18 44	addq   $0x44,0x18(%rsp)
   0x000000000042ebe7 <+1143>:	41 83 c4 01	add    $0x1,%r12d
   0x000000000042ebeb <+1147>:	48 83 c3 48	add    $0x48,%rbx
   0x000000000042ebef <+1151>:	48 01 e8	add    %rbp,%rax
   0x000000000042ebf2 <+1154>:	44 39 64 24 20	cmp    %r12d,0x20(%rsp)
   0x000000000042ebf7 <+1159>:	0f 84 d3 06 00 00	je     0x42f2d0 <dumpNormalTable+2912>
   0x000000000042ebfd <+1165>:	41 b9 2c 20 00 00	mov    $0x202c,%r9d
   0x000000000042ec03 <+1171>:	c6 40 02 00	movb   $0x0,0x2(%rax)
   0x000000000042ec07 <+1175>:	41 83 c5 02	add    $0x2,%r13d
   0x000000000042ec0b <+1179>:	66 44 89 08	mov    %r9w,(%rax)
   0x000000000042ec0f <+1183>:	48 8b 7c 24 38	mov    0x38(%rsp),%rdi
   0x000000000042ec14 <+1188>:	48 8d 4c 24 6f	lea    0x6f(%rsp),%rcx
   0x000000000042ec19 <+1193>:	44 89 e2	mov    %r12d,%edx
   0x000000000042ec1c <+1196>:	44 89 f6	mov    %r14d,%esi
   0x000000000042ec1f <+1199>:	4c 8d 44 24 74	lea    0x74(%rsp),%r8
   0x000000000042ec24 <+1204>:	e8 f7 9b fe ff	callq  0x418820 <ws_get_value_in_block@plt>
   0x000000000042ec29 <+1209>:	48 89 c1	mov    %rax,%rcx
   0x000000000042ec2c <+1212>:	48 85 c0	test   %rax,%rax
   0x000000000042ec2f <+1215>:	0f 84 13 06 00 00	je     0x42f248 <dumpNormalTable+2776>
   0x000000000042ec35 <+1221>:	83 3d bc 53 08 00 03	cmpl   $0x3,0x853bc(%rip)        # 0x4b3ff8 <g_majorVersionOfClient>
   0x000000000042ec3c <+1228>:	44 8b 44 24 74	mov    0x74(%rsp),%r8d
   0x000000000042ec41 <+1233>:	75 85	jne    0x42ebc8 <dumpNormalTable+1112>
   0x000000000042ec43 <+1235>:	0f b6 13	movzbl (%rbx),%edx
   0x000000000042ec46 <+1238>:	44 89 ee	mov    %r13d,%esi
   0x000000000042ec49 <+1241>:	48 89 ef	mov    %rbp,%rdi
   0x000000000042ec4c <+1244>:	e8 ff 1e ff ff	callq  0x420b50 <processResultValue>
   0x000000000042ec51 <+1249>:	41 01 c5	add    %eax,%r13d
   0x000000000042ec54 <+1252>:	eb 88	jmp    0x42ebde <dumpNormalTable+1134>
   0x000000000042ec56 <+1254>:	66 2e 0f 1f 84 00 00 00 00 00	nopw   %cs:0x0(%rax,%rax,1)
   0x000000000042ec60 <+1264>:	48 8b 0d 91 51 08 00	mov    0x85191(%rip),%rcx        # 0x4b3df8 <stderr@@GLIBC_2.2.5>
   0x000000000042ec67 <+1271>:	ba 05 00 00 00	mov    $0x5,%edx
   0x000000000042ec6c <+1276>:	be 01 00 00 00	mov    $0x1,%esi
   0x000000000042ec71 <+1281>:	89 c3	mov    %eax,%ebx
   0x000000000042ec73 <+1283>:	bf 10 50 48 00	mov    $0x485010,%edi
   0x000000000042ec78 <+1288>:	e8 63 9e fe ff	callq  0x418ae0 <fwrite@plt>
   0x000000000042ec7d <+1293>:	48 8b 7c 24 38	mov    0x38(%rsp),%rdi
   0x000000000042ec82 <+1298>:	e8 d9 9c fe ff	callq  0x418960 <ws_errstr@plt>
   0x000000000042ec87 <+1303>:	48 8b 3d 6a 51 08 00	mov    0x8516a(%rip),%rdi        # 0x4b3df8 <stderr@@GLIBC_2.2.5>
   0x000000000042ec8e <+1310>:	41 89 d8	mov    %ebx,%r8d
   0x000000000042ec91 <+1313>:	b9 7f 1f 00 00	mov    $0x1f7f,%ecx
   0x000000000042ec96 <+1318>:	49 89 c1	mov    %rax,%r9
   0x000000000042ec99 <+1321>:	ba a0 c7 48 00	mov    $0x48c7a0,%edx
   0x000000000042ec9e <+1326>:	be b8 90 48 00	mov    $0x4890b8,%esi
   0x000000000042eca3 <+1331>:	31 c0	xor    %eax,%eax
   0x000000000042eca5 <+1333>:	e8 06 9b fe ff	callq  0x4187b0 <fprintf@plt>
   0x000000000042ecaa <+1338>:	ba 04 00 00 00	mov    $0x4,%edx
   0x000000000042ecaf <+1343>:	be 01 00 00 00	mov    $0x1,%esi
   0x000000000042ecb4 <+1348>:	48 8b 0d 3d 51 08 00	mov    0x8513d(%rip),%rcx        # 0x4b3df8 <stderr@@GLIBC_2.2.5>
   0x000000000042ecbb <+1355>:	bf 16 50 48 00	mov    $0x485016,%edi
   0x000000000042ecc0 <+1360>:	e8 1b 9e fe ff	callq  0x418ae0 <fwrite@plt>
   0x000000000042ecc5 <+1365>:	8b 05 91 ff 07 00	mov    0x7ff91(%rip),%eax        # 0x4aec5c <g_args+7772>
   0x000000000042eccb <+1371>:	25 00 ff ff 00	and    $0xffff00,%eax
   0x000000000042ecd0 <+1376>:	85 c0	test   %eax,%eax
   0x000000000042ecd2 <+1378>:	74 17	je     0x42eceb <dumpNormalTable+1403>
   0x000000000042ecd4 <+1380>:	8b 54 24 08	mov    0x8(%rsp),%edx
   0x000000000042ecd8 <+1384>:	48 8b 3d 11 51 08 00	mov    0x85111(%rip),%rdi        # 0x4b3df0 <stdout@@GLIBC_2.2.5>
   0x000000000042ecdf <+1391>:	be 2d 5a 48 00	mov    $0x485a2d,%esi
   0x000000000042ece4 <+1396>:	31 c0	xor    %eax,%eax
   0x000000000042ece6 <+1398>:	e8 c5 9a fe ff	callq  0x4187b0 <fprintf@plt>
   0x000000000042eceb <+1403>:	48 8b b4 24 a8 01 00 00	mov    0x1a8(%rsp),%rsi
   0x000000000042ecf3 <+1411>:	bf 0a 00 00 00	mov    $0xa,%edi
   0x000000000042ecf8 <+1416>:	e8 63 99 fe ff	callq  0x418660 <fputc@plt>
   0x000000000042ecfd <+1421>:	48 89 ef	mov    %rbp,%rdi
   0x000000000042ed00 <+1424>:	e8 0b 99 fe ff	callq  0x418610 <free@plt>
   0x000000000042ed05 <+1429>:	48 8b 7c 24 38	mov    0x38(%rsp),%rdi
   0x000000000042ed0a <+1434>:	e8 31 96 fe ff	callq  0x418340 <ws_free_result@plt>
   0x000000000042ed0f <+1439>:	48 8b 7c 24 58	mov    0x58(%rsp),%rdi
   0x000000000042ed14 <+1444>:	e8 77 94 fe ff	callq  0x418190 <ws_close@plt>
   0x000000000042ed19 <+1449>:	48 8b 7c 24 78	mov    0x78(%rsp),%rdi
   0x000000000042ed1e <+1454>:	e9 e7 fb ff ff	jmpq   0x42e90a <dumpNormalTable+410>
   0x000000000042ed23 <+1459>:	0f 1f 44 00 00	nopl   0x0(%rax,%rax,1)
   0x000000000042ed28 <+1464>:	be d0 80 07 00	mov    $0x780d0,%esi
   0x000000000042ed2d <+1469>:	bf 01 00 00 00	mov    $0x1,%edi
   0x000000000042ed32 <+1474>:	e8 29 96 fe ff	callq  0x418360 <calloc@plt>
   0x000000000042ed37 <+1479>:	48 89 44 24 78	mov    %rax,0x78(%rsp)
   0x000000000042ed3c <+1484>:	48 89 c1	mov    %rax,%rcx
   0x000000000042ed3f <+1487>:	48 85 c0	test   %rax,%rax
   0x000000000042ed42 <+1490>:	0f 84 00 0a 00 00	je     0x42f748 <dumpNormalTable+4056>
   0x000000000042ed48 <+1496>:	41 89 e8	mov    %ebp,%r8d
   0x000000000042ed4b <+1499>:	48 8b 94 24 90 01 00 00	mov    0x190(%rsp),%rdx
   0x000000000042ed53 <+1507>:	4c 89 ee	mov    %r13,%rsi
   0x000000000042ed56 <+1510>:	4c 89 e7	mov    %r12,%rdi
   0x000000000042ed59 <+1513>:	41 83 f0 01	xor    $0x1,%r8d
   0x000000000042ed5d <+1517>:	66 83 3d 03 ff 07 00 00	cmpw   $0x0,0x7ff03(%rip)        # 0x4aec68 <g_args+7784>
   0x000000000042ed65 <+1525>:	45 0f b6 c0	movzbl %r8b,%r8d
   0x000000000042ed69 <+1529>:	0f 84 a1 04 00 00	je     0x42f210 <dumpNormalTable+2720>
   0x000000000042ed6f <+1535>:	e8 dc 3b ff ff	callq  0x422950 <getTableDesWS>
   0x000000000042ed74 <+1540>:	89 c3	mov    %eax,%ebx
   0x000000000042ed76 <+1542>:	85 db	test   %ebx,%ebx
   0x000000000042ed78 <+1544>:	0f 88 71 09 00 00	js     0x42f6ef <dumpNormalTable+3967>
   0x000000000042ed7e <+1550>:	bf c8 ff 00 00	mov    $0xffc8,%edi
   0x000000000042ed83 <+1555>:	4c 8b 7c 24 78	mov    0x78(%rsp),%r15
   0x000000000042ed88 <+1560>:	e8 63 99 fe ff	callq  0x4186f0 <malloc@plt>
   0x000000000042ed8d <+1565>:	48 89 44 24 18	mov    %rax,0x18(%rsp)
   0x000000000042ed92 <+1570>:	48 85 c0	test   %rax,%rax
   0x000000000042ed95 <+1573>:	0f 84 cf 09 00 00	je     0x42f76a <dumpNormalTable+4090>
   0x000000000042ed9b <+1579>:	80 3d be fe 07 00 00	cmpb   $0x0,0x7febe(%rip)        # 0x4aec60 <g_args+7776>
   0x000000000042eda2 <+1586>:	4d 89 f9	mov    %r15,%r9
   0x000000000042eda5 <+1589>:	0f 85 65 06 00 00	jne    0x42f410 <dumpNormalTable+3232>
   0x000000000042edab <+1595>:	80 3d 90 fe 07 00 00	cmpb   $0x0,0x7fe90(%rip)        # 0x4aec42 <g_args+7746>
   0x000000000042edb2 <+1602>:	b8 90 8f 48 00	mov    $0x488f90,%eax
   0x000000000042edb7 <+1607>:	ba 50 8f 48 00	mov    $0x488f50,%edx
   0x000000000042edbc <+1612>:	41 b8 b0 f3 4a 00	mov    $0x4af3b0,%r8d
   0x000000000042edc2 <+1618>:	48 0f 44 d0	cmove  %rax,%rdx
   0x000000000042edc6 <+1622>:	48 83 ec 08	sub    $0x8,%rsp
   0x000000000042edca <+1626>:	4c 89 e9	mov    %r13,%rcx
   0x000000000042edcd <+1629>:	be c8 ff 00 00	mov    $0xffc8,%esi
   0x000000000042edd2 <+1634>:	68 b0 f3 4a 00	pushq  $0x4af3b0
   0x000000000042edd7 <+1639>:	31 c0	xor    %eax,%eax
   0x000000000042edd9 <+1641>:	41 56	push   %r14
   0x000000000042eddb <+1643>:	68 b0 f3 4a 00	pushq  $0x4af3b0
   0x000000000042ede0 <+1648>:	41 55	push   %r13
   0x000000000042ede2 <+1650>:	68 b0 f3 4a 00	pushq  $0x4af3b0
   0x000000000042ede7 <+1655>:	4c 8b 74 24 48	mov    0x48(%rsp),%r14
   0x000000000042edec <+1660>:	4c 89 f7	mov    %r14,%rdi
   0x000000000042edef <+1663>:	e8 fc 9a fe ff	callq  0x4188f0 <snprintf@plt>
   0x000000000042edf4 <+1668>:	48 83 c4 30	add    $0x30,%rsp
   0x000000000042edf8 <+1672>:	4c 63 c8	movslq %eax,%r9
   0x000000000042edfb <+1675>:	4d 01 ce	add    %r9,%r14
   0x000000000042edfe <+1678>:	85 db	test   %ebx,%ebx
   0x000000000042ee00 <+1680>:	0f 84 a2 05 00 00	je     0x42f3a8 <dumpNormalTable+3128>
   0x000000000042ee06 <+1686>:	49 8d 87 1c 01 00 00	lea    0x11c(%r15),%rax
   0x000000000042ee0d <+1693>:	31 c9	xor    %ecx,%ecx
   0x000000000042ee0f <+1695>:	eb 16	jmp    0x42ee27 <dumpNormalTable+1719>
   0x000000000042ee11 <+1697>:	0f 1f 80 00 00 00 00	nopl   0x0(%rax)
   0x000000000042ee18 <+1704>:	83 c1 01	add    $0x1,%ecx
   0x000000000042ee1b <+1707>:	48 83 c0 78	add    $0x78,%rax
   0x000000000042ee1f <+1711>:	39 cb	cmp    %ecx,%ebx
   0x000000000042ee21 <+1713>:	0f 84 81 05 00 00	je     0x42f3a8 <dumpNormalTable+3128>
   0x000000000042ee27 <+1719>:	80 38 00	cmpb   $0x0,(%rax)
   0x000000000042ee2a <+1722>:	74 ec	je     0x42ee18 <dumpNormalTable+1704>
   0x000000000042ee2c <+1724>:	39 cb	cmp    %ecx,%ebx
   0x000000000042ee2e <+1726>:	0f 8e 74 05 00 00	jle    0x42f3a8 <dumpNormalTable+3128>
   0x000000000042ee34 <+1732>:	48 63 d1	movslq %ecx,%rdx
   0x000000000042ee37 <+1735>:	4c 89 64 24 20	mov    %r12,0x20(%rsp)
   0x000000000042ee3c <+1740>:	41 89 cc	mov    %ecx,%r12d
   0x000000000042ee3f <+1743>:	48 89 d0	mov    %rdx,%rax
   0x000000000042ee42 <+1746>:	4c 89 6c 24 28	mov    %r13,0x28(%rsp)
   0x000000000042ee47 <+1751>:	4d 89 f5	mov    %r14,%r13
   0x000000000042ee4a <+1754>:	41 89 ee	mov    %ebp,%r14d
   0x000000000042ee4d <+1757>:	48 c1 e0 04	shl    $0x4,%rax
   0x000000000042ee51 <+1761>:	89 cd	mov    %ecx,%ebp
   0x000000000042ee53 <+1763>:	48 29 d0	sub    %rdx,%rax
   0x000000000042ee56 <+1766>:	4d 8d 3c c7	lea    (%r15,%rax,8),%r15
   0x000000000042ee5a <+1770>:	eb 31	jmp    0x42ee8d <dumpNormalTable+1821>
   0x000000000042ee5c <+1772>:	0f 1f 40 00	nopl   0x0(%rax)
   0x000000000042ee60 <+1776>:	49 8b 97 40 01 00 00	mov    0x140(%r15),%rdx
   0x000000000042ee67 <+1783>:	48 85 d2	test   %rdx,%rdx
   0x000000000042ee6a <+1786>:	74 64	je     0x42eed0 <dumpNormalTable+1888>
   0x000000000042ee6c <+1788>:	be 05 5a 48 00	mov    $0x485a05,%esi
   0x000000000042ee71 <+1793>:	4c 89 ef	mov    %r13,%rdi
   0x000000000042ee74 <+1796>:	31 c0	xor    %eax,%eax
   0x000000000042ee76 <+1798>:	41 83 c4 01	add    $0x1,%r12d
   0x000000000042ee7a <+1802>:	49 83 c7 78	add    $0x78,%r15
   0x000000000042ee7e <+1806>:	e8 7d 92 fe ff	callq  0x418100 <sprintf@plt>
   0x000000000042ee83 <+1811>:	48 98	cltq   
   0x000000000042ee85 <+1813>:	49 01 c5	add    %rax,%r13
   0x000000000042ee88 <+1816>:	44 39 e3	cmp    %r12d,%ebx
   0x000000000042ee8b <+1819>:	74 53	je     0x42eee0 <dumpNormalTable+1904>
   0x000000000042ee8d <+1821>:	41 8b 87 14 01 00 00	mov    0x114(%r15),%eax
   0x000000000042ee94 <+1828>:	83 e0 fd	and    $0xfffffffd,%eax
   0x000000000042ee97 <+1831>:	44 39 e5	cmp    %r12d,%ebp
   0x000000000042ee9a <+1834>:	74 14	je     0x42eeb0 <dumpNormalTable+1856>
   0x000000000042ee9c <+1836>:	83 f8 08	cmp    $0x8,%eax
   0x000000000042ee9f <+1839>:	74 bf	je     0x42ee60 <dumpNormalTable+1776>
   0x000000000042eea1 <+1841>:	49 8d 97 20 01 00 00	lea    0x120(%r15),%rdx
   0x000000000042eea8 <+1848>:	be 0b 5a 48 00	mov    $0x485a0b,%esi
   0x000000000042eead <+1853>:	eb c2	jmp    0x42ee71 <dumpNormalTable+1793>
   0x000000000042eeaf <+1855>:	90	nop
   0x000000000042eeb0 <+1856>:	83 f8 08	cmp    $0x8,%eax
   0x000000000042eeb3 <+1859>:	75 7b	jne    0x42ef30 <dumpNormalTable+1984>
   0x000000000042eeb5 <+1861>:	49 8b 97 40 01 00 00	mov    0x140(%r15),%rdx
   0x000000000042eebc <+1868>:	48 85 d2	test   %rdx,%rdx
   0x000000000042eebf <+1871>:	0f 84 d3 04 00 00	je     0x42f398 <dumpNormalTable+3112>
   0x000000000042eec5 <+1877>:	be 54 59 48 00	mov    $0x485954,%esi
   0x000000000042eeca <+1882>:	eb a5	jmp    0x42ee71 <dumpNormalTable+1793>
   0x000000000042eecc <+1884>:	0f 1f 40 00	nopl   0x0(%rax)
   0x000000000042eed0 <+1888>:	49 8d 97 20 01 00 00	lea    0x120(%r15),%rdx
   0x000000000042eed7 <+1895>:	eb 93	jmp    0x42ee6c <dumpNormalTable+1788>
   0x000000000042eed9 <+1897>:	0f 1f 80 00 00 00 00	nopl   0x0(%rax)
   0x000000000042eee0 <+1904>:	44 89 f5	mov    %r14d,%ebp
   0x000000000042eee3 <+1907>:	4c 8b 64 24 20	mov    0x20(%rsp),%r12
   0x000000000042eee8 <+1912>:	4d 89 ee	mov    %r13,%r14
   0x000000000042eeeb <+1915>:	4c 8b 6c 24 28	mov    0x28(%rsp),%r13
   0x000000000042eef0 <+1920>:	b8 29 3b 00 00	mov    $0x3b29,%eax
   0x000000000042eef5 <+1925>:	4c 8b 7c 24 18	mov    0x18(%rsp),%r15
   0x000000000042eefa <+1930>:	41 c6 46 02 00	movb   $0x0,0x2(%r14)
   0x000000000042eeff <+1935>:	be 77 5a 48 00	mov    $0x485a77,%esi
   0x000000000042ef04 <+1940>:	66 41 89 06	mov    %ax,(%r14)
   0x000000000042ef08 <+1944>:	48 8b bc 24 a8 01 00 00	mov    0x1a8(%rsp),%rdi
   0x000000000042ef10 <+1952>:	31 c0	xor    %eax,%eax
   0x000000000042ef12 <+1954>:	4c 89 fa	mov    %r15,%rdx
   0x000000000042ef15 <+1957>:	e8 96 98 fe ff	callq  0x4187b0 <fprintf@plt>
   0x000000000042ef1a <+1962>:	4c 89 ff	mov    %r15,%rdi
   0x000000000042ef1d <+1965>:	e8 ee 96 fe ff	callq  0x418610 <free@plt>
   0x000000000042ef22 <+1970>:	e9 ce f9 ff ff	jmpq   0x42e8f5 <dumpNormalTable+389>
   0x000000000042ef27 <+1975>:	66 0f 1f 84 00 00 00 00 00	nopw   0x0(%rax,%rax,1)
   0x000000000042ef30 <+1984>:	49 8d 97 20 01 00 00	lea    0x120(%r15),%rdx
   0x000000000042ef37 <+1991>:	be 04 55 48 00	mov    $0x485504,%esi
   0x000000000042ef3c <+1996>:	e9 30 ff ff ff	jmpq   0x42ee71 <dumpNormalTable+1793>
   0x000000000042ef41 <+2001>:	0f 1f 80 00 00 00 00	nopl   0x0(%rax)
   0x000000000042ef48 <+2008>:	4c 89 ef	mov    %r13,%rdi
   0x000000000042ef4b <+2011>:	e8 20 a8 ff ff	callq  0x429770 <taosConnect>
   0x000000000042ef50 <+2016>:	48 89 44 24 58	mov    %rax,0x58(%rsp)
   0x000000000042ef55 <+2021>:	48 85 c0	test   %rax,%rax
   0x000000000042ef58 <+2024>:	0f 84 0f 07 00 00	je     0x42f66d <dumpNormalTable+3837>
   0x000000000042ef5e <+2030>:	8b 8c 24 98 01 00 00	mov    0x198(%rsp),%ecx
   0x000000000042ef65 <+2037>:	49 89 e9	mov    %rbp,%r9
   0x000000000042ef68 <+2040>:	49 89 d8	mov    %rbx,%r8
   0x000000000042ef6b <+2043>:	4c 89 ee	mov    %r13,%rsi
   0x000000000042ef6e <+2046>:	48 8b 94 24 90 01 00 00	mov    0x190(%rsp),%rdx
   0x000000000042ef76 <+2054>:	48 8b 7c 24 58	mov    0x58(%rsp),%rdi
   0x000000000042ef7b <+2059>:	e8 c0 f6 ff ff	callq  0x42e640 <queryDbForDumpOutNative>
   0x000000000042ef80 <+2064>:	bf 01 00 00 00	mov    $0x1,%edi
   0x000000000042ef85 <+2069>:	49 89 c4	mov    %rax,%r12
   0x000000000042ef88 <+2072>:	8b 05 ae fc 07 00	mov    0x7fcae(%rip),%eax        # 0x4aec3c <g_args+7740>
   0x000000000042ef8e <+2078>:	8d b0 80 00 00 00	lea    0x80(%rax),%esi
   0x000000000042ef94 <+2084>:	89 44 24 50	mov    %eax,0x50(%rsp)
   0x000000000042ef98 <+2088>:	48 63 f6	movslq %esi,%rsi
   0x000000000042ef9b <+2091>:	e8 c0 93 fe ff	callq  0x418360 <calloc@plt>
   0x000000000042efa0 <+2096>:	48 89 c5	mov    %rax,%rbp
   0x000000000042efa3 <+2099>:	48 85 c0	test   %rax,%rax
   0x000000000042efa6 <+2102>:	0f 84 9c 08 00 00	je     0x42f848 <dumpNormalTable+4312>
   0x000000000042efac <+2108>:	4c 89 e7	mov    %r12,%rdi
   0x000000000042efaf <+2111>:	e8 8c 9a fe ff	callq  0x418a40 <taos_field_count@plt>
   0x000000000042efb4 <+2116>:	89 44 24 30	mov    %eax,0x30(%rsp)
   0x000000000042efb8 <+2120>:	85 c0	test   %eax,%eax
   0x000000000042efba <+2122>:	0f 8e 80 05 00 00	jle    0x42f540 <dumpNormalTable+3536>
   0x000000000042efc0 <+2128>:	4c 89 e7	mov    %r12,%rdi
   0x000000000042efc3 <+2131>:	45 31 f6	xor    %r14d,%r14d
   0x000000000042efc6 <+2134>:	45 31 ff	xor    %r15d,%r15d
   0x000000000042efc9 <+2137>:	e8 32 9a fe ff	callq  0x418a00 <taos_fetch_fields@plt>
   0x000000000042efce <+2142>:	c7 44 24 08 00 00 00 00	movl   $0x0,0x8(%rsp)
   0x000000000042efd6 <+2150>:	48 89 44 24 38	mov    %rax,0x38(%rsp)
   0x000000000042efdb <+2155>:	8b 44 24 30	mov    0x30(%rsp),%eax
   0x000000000042efdf <+2159>:	48 c7 44 24 28 40 4b 4c 00	movq   $0x4c4b40,0x28(%rsp)
   0x000000000042efe8 <+2168>:	83 e8 01	sub    $0x1,%eax
   0x000000000042efeb <+2171>:	4c 89 6c 24 48	mov    %r13,0x48(%rsp)
   0x000000000042eff0 <+2176>:	48 83 c0 01	add    $0x1,%rax
   0x000000000042eff4 <+2180>:	48 89 44 24 40	mov    %rax,0x40(%rsp)
   0x000000000042eff9 <+2185>:	0f 1f 80 00 00 00 00	nopl   0x0(%rax)
   0x000000000042f000 <+2192>:	4c 89 e7	mov    %r12,%rdi
   0x000000000042f003 <+2195>:	e8 98 91 fe ff	callq  0x4181a0 <taos_fetch_row@plt>
   0x000000000042f008 <+2200>:	48 89 c3	mov    %rax,%rbx
   0x000000000042f00b <+2203>:	48 85 c0	test   %rax,%rax
   0x000000000042f00e <+2206>:	0f 84 a4 01 00 00	je     0x42f1b8 <dumpNormalTable+2632>
   0x000000000042f014 <+2212>:	4c 89 e7	mov    %r12,%rdi
   0x000000000042f017 <+2215>:	e8 54 9a fe ff	callq  0x418a70 <taos_fetch_lengths@plt>
   0x000000000042f01c <+2220>:	49 89 c1	mov    %rax,%r9
   0x000000000042f01f <+2223>:	45 85 f6	test   %r14d,%r14d
   0x000000000042f022 <+2226>:	0f 85 40 01 00 00	jne    0x42f168 <dumpNormalTable+2552>
   0x000000000042f028 <+2232>:	48 8b 8c 24 90 01 00 00	mov    0x190(%rsp),%rcx
   0x000000000042f030 <+2240>:	48 8b 54 24 48	mov    0x48(%rsp),%rdx
   0x000000000042f035 <+2245>:	48 89 44 24 10	mov    %rax,0x10(%rsp)
   0x000000000042f03a <+2250>:	48 89 ef	mov    %rbp,%rdi
   0x000000000042f03d <+2253>:	be 0f 5a 48 00	mov    $0x485a0f,%esi
   0x000000000042f042 <+2258>:	31 c0	xor    %eax,%eax
   0x000000000042f044 <+2260>:	e8 b7 90 fe ff	callq  0x418100 <sprintf@plt>
   0x000000000042f049 <+2265>:	c7 44 24 08 00 00 00 00	movl   $0x0,0x8(%rsp)
   0x000000000042f051 <+2273>:	4c 8b 4c 24 10	mov    0x10(%rsp),%r9
   0x000000000042f056 <+2278>:	41 89 c5	mov    %eax,%r13d
   0x000000000042f059 <+2281>:	8b 74 24 30	mov    0x30(%rsp),%esi
   0x000000000042f05d <+2285>:	85 f6	test   %esi,%esi
   0x000000000042f05f <+2287>:	0f 8e 9b 01 00 00	jle    0x42f200 <dumpNormalTable+2704>
   0x000000000042f065 <+2293>:	48 8b 44 24 38	mov    0x38(%rsp),%rax
   0x000000000042f06a <+2298>:	49 89 db	mov    %rbx,%r11
   0x000000000042f06d <+2301>:	44 89 74 24 18	mov    %r14d,0x18(%rsp)
   0x000000000042f072 <+2306>:	4c 89 64 24 20	mov    %r12,0x20(%rsp)
   0x000000000042f077 <+2311>:	4d 89 de	mov    %r11,%r14
   0x000000000042f07a <+2314>:	48 8d 58 41	lea    0x41(%rax),%rbx
   0x000000000042f07e <+2318>:	48 8b 44 24 40	mov    0x40(%rsp),%rax
   0x000000000042f083 <+2323>:	49 89 dc	mov    %rbx,%r12
   0x000000000042f086 <+2326>:	48 89 eb	mov    %rbp,%rbx
   0x000000000042f089 <+2329>:	4c 89 cd	mov    %r9,%rbp
   0x000000000042f08c <+2332>:	49 8d 04 81	lea    (%r9,%rax,4),%rax
   0x000000000042f090 <+2336>:	48 89 44 24 10	mov    %rax,0x10(%rsp)
   0x000000000042f095 <+2341>:	eb 19	jmp    0x42f0b0 <dumpNormalTable+2368>
   0x000000000042f097 <+2343>:	66 0f 1f 84 00 00 00 00 00	nopw   0x0(%rax,%rax,1)
   0x000000000042f0a0 <+2352>:	b9 2c 20 00 00	mov    $0x202c,%ecx
   0x000000000042f0a5 <+2357>:	c6 40 02 00	movb   $0x0,0x2(%rax)
   0x000000000042f0a9 <+2361>:	41 83 c5 02	add    $0x2,%r13d
   0x000000000042f0ad <+2365>:	66 89 08	mov    %cx,(%rax)
   0x000000000042f0b0 <+2368>:	41 0f b6 14 24	movzbl (%r12),%edx
   0x000000000042f0b5 <+2373>:	44 8b 45 00	mov    0x0(%rbp),%r8d
   0x000000000042f0b9 <+2377>:	44 89 ee	mov    %r13d,%esi
   0x000000000042f0bc <+2380>:	48 89 df	mov    %rbx,%rdi
   0x000000000042f0bf <+2383>:	49 8b 0e	mov    (%r14),%rcx
   0x000000000042f0c2 <+2386>:	48 83 c5 04	add    $0x4,%rbp
   0x000000000042f0c6 <+2390>:	49 83 c6 08	add    $0x8,%r14
   0x000000000042f0ca <+2394>:	49 83 c4 48	add    $0x48,%r12
   0x000000000042f0ce <+2398>:	e8 7d 1a ff ff	callq  0x420b50 <processResultValue>
   0x000000000042f0d3 <+2403>:	41 01 c5	add    %eax,%r13d
   0x000000000042f0d6 <+2406>:	49 63 c5	movslq %r13d,%rax
   0x000000000042f0d9 <+2409>:	48 01 d8	add    %rbx,%rax
   0x000000000042f0dc <+2412>:	48 39 6c 24 10	cmp    %rbp,0x10(%rsp)
   0x000000000042f0e1 <+2417>:	75 bd	jne    0x42f0a0 <dumpNormalTable+2352>
   0x000000000042f0e3 <+2419>:	44 8b 74 24 18	mov    0x18(%rsp),%r14d
   0x000000000042f0e8 <+2424>:	4c 8b 64 24 20	mov    0x20(%rsp),%r12
   0x000000000042f0ed <+2429>:	48 89 dd	mov    %rbx,%rbp
   0x000000000042f0f0 <+2432>:	ba 29 00 00 00	mov    $0x29,%edx
   0x000000000042f0f5 <+2437>:	48 89 ef	mov    %rbp,%rdi
   0x000000000042f0f8 <+2440>:	49 83 c7 01	add    $0x1,%r15
   0x000000000042f0fc <+2444>:	41 83 c6 01	add    $0x1,%r14d
   0x000000000042f100 <+2448>:	66 89 10	mov    %dx,(%rax)
   0x000000000042f103 <+2451>:	48 8b b4 24 a8 01 00 00	mov    0x1a8(%rsp),%rsi
   0x000000000042f10b <+2459>:	41 8d 5d 01	lea    0x1(%r13),%ebx
   0x000000000042f10f <+2463>:	e8 ac 94 fe ff	callq  0x4185c0 <fputs@plt>
   0x000000000042f114 <+2468>:	4c 3b 7c 24 28	cmp    0x28(%rsp),%r15
   0x000000000042f119 <+2473>:	7d 65	jge    0x42f180 <dumpNormalTable+2576>
   0x000000000042f11b <+2475>:	01 5c 24 08	add    %ebx,0x8(%rsp)
   0x000000000042f11f <+2479>:	44 3b 35 0e fb 07 00	cmp    0x7fb0e(%rip),%r14d        # 0x4aec34 <g_args+7732>
   0x000000000042f126 <+2486>:	8b 5c 24 08	mov    0x8(%rsp),%ebx
   0x000000000042f12a <+2490>:	7d 11	jge    0x42f13d <dumpNormalTable+2509>
   0x000000000042f12c <+2492>:	8b 44 24 50	mov    0x50(%rsp),%eax
   0x000000000042f130 <+2496>:	29 d8	sub    %ebx,%eax
   0x000000000042f132 <+2498>:	3d fa ff 00 00	cmp    $0xfffa,%eax
   0x000000000042f137 <+2503>:	0f 8f c3 fe ff ff	jg     0x42f000 <dumpNormalTable+2192>
   0x000000000042f13d <+2509>:	48 8b 8c 24 a8 01 00 00	mov    0x1a8(%rsp),%rcx
   0x000000000042f145 <+2517>:	ba 02 00 00 00	mov    $0x2,%edx
   0x000000000042f14a <+2522>:	be 01 00 00 00	mov    $0x1,%esi
   0x000000000042f14f <+2527>:	45 31 f6	xor    %r14d,%r14d
   0x000000000042f152 <+2530>:	bf 2a 5a 48 00	mov    $0x485a2a,%edi
   0x000000000042f157 <+2535>:	e8 84 99 fe ff	callq  0x418ae0 <fwrite@plt>
   0x000000000042f15c <+2540>:	e9 9f fe ff ff	jmpq   0x42f000 <dumpNormalTable+2192>
   0x000000000042f161 <+2545>:	0f 1f 80 00 00 00 00	nopl   0x0(%rax)
   0x000000000042f168 <+2552>:	bf 28 00 00 00	mov    $0x28,%edi
   0x000000000042f16d <+2557>:	41 bd 01 00 00 00	mov    $0x1,%r13d
   0x000000000042f173 <+2563>:	66 89 7d 00	mov    %di,0x0(%rbp)
   0x000000000042f177 <+2567>:	e9 dd fe ff ff	jmpq   0x42f059 <dumpNormalTable+2281>
   0x000000000042f17c <+2572>:	0f 1f 40 00	nopl   0x0(%rax)
   0x000000000042f180 <+2576>:	48 8b 4c 24 48	mov    0x48(%rsp),%rcx
   0x000000000042f185 <+2581>:	4c 89 fa	mov    %r15,%rdx
   0x000000000042f188 <+2584>:	be 88 91 48 00	mov    $0x489188,%esi
   0x000000000042f18d <+2589>:	31 c0	xor    %eax,%eax
   0x000000000042f18f <+2591>:	4c 8b 84 24 90 01 00 00	mov    0x190(%rsp),%r8
   0x000000000042f197 <+2599>:	48 8b 3d 52 4c 08 00	mov    0x84c52(%rip),%rdi        # 0x4b3df0 <stdout@@GLIBC_2.2.5>
   0x000000000042f19e <+2606>:	e8 0d 96 fe ff	callq  0x4187b0 <fprintf@plt>
   0x000000000042f1a3 <+2611>:	48 81 44 24 28 40 4b 4c 00	addq   $0x4c4b40,0x28(%rsp)
   0x000000000042f1ac <+2620>:	e9 6a ff ff ff	jmpq   0x42f11b <dumpNormalTable+2475>
   0x000000000042f1b1 <+2625>:	0f 1f 80 00 00 00 00	nopl   0x0(%rax)
   0x000000000042f1b8 <+2632>:	f7 05 9a fa 07 00 00 ff ff 00	testl  $0xffff00,0x7fa9a(%rip)        # 0x4aec5c <g_args+7772>
   0x000000000042f1c2 <+2642>:	0f 85 78 02 00 00	jne    0x42f440 <dumpNormalTable+3280>
   0x000000000042f1c8 <+2648>:	48 8b b4 24 a8 01 00 00	mov    0x1a8(%rsp),%rsi
   0x000000000042f1d0 <+2656>:	bf 0a 00 00 00	mov    $0xa,%edi
   0x000000000042f1d5 <+2661>:	e8 86 94 fe ff	callq  0x418660 <fputc@plt>
   0x000000000042f1da <+2666>:	48 89 ef	mov    %rbp,%rdi
   0x000000000042f1dd <+2669>:	e8 2e 94 fe ff	callq  0x418610 <free@plt>
   0x000000000042f1e2 <+2674>:	4c 89 e7	mov    %r12,%rdi
   0x000000000042f1e5 <+2677>:	e8 f6 92 fe ff	callq  0x4184e0 <taos_free_result@plt>
   0x000000000042f1ea <+2682>:	48 8b 7c 24 58	mov    0x58(%rsp),%rdi
   0x000000000042f1ef <+2687>:	e8 9c 94 fe ff	callq  0x418690 <taos_close@plt>
   0x000000000042f1f4 <+2692>:	48 8b 7c 24 78	mov    0x78(%rsp),%rdi
   0x000000000042f1f9 <+2697>:	e9 0c f7 ff ff	jmpq   0x42e90a <dumpNormalTable+410>
   0x000000000042f1fe <+2702>:	66 90	xchg   %ax,%ax
   0x000000000042f200 <+2704>:	49 63 c5	movslq %r13d,%rax
   0x000000000042f203 <+2707>:	48 01 e8	add    %rbp,%rax
   0x000000000042f206 <+2710>:	e9 e5 fe ff ff	jmpq   0x42f0f0 <dumpNormalTable+2432>
   0x000000000042f20b <+2715>:	0f 1f 44 00 00	nopl   0x0(%rax,%rax,1)
   0x000000000042f210 <+2720>:	e8 db 3c ff ff	callq  0x422ef0 <getTableDesNative>
   0x000000000042f215 <+2725>:	89 c3	mov    %eax,%ebx
   0x000000000042f217 <+2727>:	e9 5a fb ff ff	jmpq   0x42ed76 <dumpNormalTable+1542>
   0x000000000042f21c <+2732>:	0f 1f 40 00	nopl   0x0(%rax)
   0x000000000042f220 <+2736>:	e8 0b de ff ff	callq  0x42d030 <constructTableDesFromStb>
   0x000000000042f225 <+2741>:	48 8d 4c 24 78	lea    0x78(%rsp),%rcx
   0x000000000042f22a <+2746>:	4c 89 ee	mov    %r13,%rsi
   0x000000000042f22d <+2749>:	4c 89 e7	mov    %r12,%rdi
   0x000000000042f230 <+2752>:	48 8b 94 24 90 01 00 00	mov    0x190(%rsp),%rdx
   0x000000000042f238 <+2760>:	e8 23 21 ff ff	callq  0x421360 <getTableTagValueWS>
   0x000000000042f23d <+2765>:	89 c3	mov    %eax,%ebx
   0x000000000042f23f <+2767>:	e9 f8 f5 ff ff	jmpq   0x42e83c <dumpNormalTable+204>
   0x000000000042f244 <+2772>:	0f 1f 40 00	nopl   0x0(%rax)
   0x000000000042f248 <+2776>:	ba 05 00 00 00	mov    $0x5,%edx
   0x000000000042f24d <+2781>:	be 01 00 00 00	mov    $0x1,%esi
   0x000000000042f252 <+2786>:	bf 10 50 48 00	mov    $0x485010,%edi
   0x000000000042f257 <+2791>:	48 8b 0d 9a 4b 08 00	mov    0x84b9a(%rip),%rcx        # 0x4b3df8 <stderr@@GLIBC_2.2.5>
   0x000000000042f25e <+2798>:	e8 7d 98 fe ff	callq  0x418ae0 <fwrite@plt>
   0x000000000042f263 <+2803>:	44 89 f2	mov    %r14d,%edx
   0x000000000042f266 <+2806>:	be 58 91 48 00	mov    $0x489158,%esi
   0x000000000042f26b <+2811>:	31 c0	xor    %eax,%eax
   0x000000000042f26d <+2813>:	48 8b 3d 84 4b 08 00	mov    0x84b84(%rip),%rdi        # 0x4b3df8 <stderr@@GLIBC_2.2.5>
   0x000000000042f274 <+2820>:	e8 37 95 fe ff	callq  0x4187b0 <fprintf@plt>
   0x000000000042f279 <+2825>:	ba 04 00 00 00	mov    $0x4,%edx
   0x000000000042f27e <+2830>:	be 01 00 00 00	mov    $0x1,%esi
   0x000000000042f283 <+2835>:	48 8b 0d 6e 4b 08 00	mov    0x84b6e(%rip),%rcx        # 0x4b3df8 <stderr@@GLIBC_2.2.5>
   0x000000000042f28a <+2842>:	bf 16 50 48 00	mov    $0x485016,%edi
   0x000000000042f28f <+2847>:	e8 4c 98 fe ff	callq  0x418ae0 <fwrite@plt>
   0x000000000042f294 <+2852>:	e9 45 f9 ff ff	jmpq   0x42ebde <dumpNormalTable+1134>
   0x000000000042f299 <+2857>:	0f 1f 80 00 00 00 00	nopl   0x0(%rax)
   0x000000000042f2a0 <+2864>:	44 8b 54 24 20	mov    0x20(%rsp),%r10d
   0x000000000042f2a5 <+2869>:	41 bb 28 00 00 00	mov    $0x28,%r11d
   0x000000000042f2ab <+2875>:	41 be 01 00 00 00	mov    $0x1,%r14d
   0x000000000042f2b1 <+2881>:	66 44 89 5d 00	mov    %r11w,0x0(%rbp)
   0x000000000042f2b6 <+2886>:	45 85 d2	test   %r10d,%r10d
   0x000000000042f2b9 <+2889>:	0f 8f e4 f8 ff ff	jg     0x42eba3 <dumpNormalTable+1075>
   0x000000000042f2bf <+2895>:	49 63 c6	movslq %r14d,%rax
   0x000000000042f2c2 <+2898>:	48 01 e8	add    %rbp,%rax
   0x000000000042f2c5 <+2901>:	eb 0f	jmp    0x42f2d6 <dumpNormalTable+2918>
   0x000000000042f2c7 <+2903>:	66 0f 1f 84 00 00 00 00 00	nopw   0x0(%rax,%rax,1)
   0x000000000042f2d0 <+2912>:	44 89 f3	mov    %r14d,%ebx
   0x000000000042f2d3 <+2915>:	45 89 ee	mov    %r13d,%r14d
   0x000000000042f2d6 <+2918>:	48 89 ef	mov    %rbp,%rdi
   0x000000000042f2d9 <+2921>:	83 44 24 10 01	addl   $0x1,0x10(%rsp)
   0x000000000042f2de <+2926>:	45 8d 66 01	lea    0x1(%r14),%r12d
   0x000000000042f2e2 <+2930>:	49 83 c7 01	add    $0x1,%r15
   0x000000000042f2e6 <+2934>:	41 b8 29 00 00 00	mov    $0x29,%r8d
   0x000000000042f2ec <+2940>:	48 8b b4 24 a8 01 00 00	mov    0x1a8(%rsp),%rsi
   0x000000000042f2f4 <+2948>:	66 44 89 00	mov    %r8w,(%rax)
   0x000000000042f2f8 <+2952>:	e8 c3 92 fe ff	callq  0x4185c0 <fputs@plt>
   0x000000000042f2fd <+2957>:	4c 3b 7c 24 28	cmp    0x28(%rsp),%r15
   0x000000000042f302 <+2962>:	7d 5c	jge    0x42f360 <dumpNormalTable+3056>
   0x000000000042f304 <+2964>:	44 01 64 24 08	add    %r12d,0x8(%rsp)
   0x000000000042f309 <+2969>:	8b 44 24 10	mov    0x10(%rsp),%eax
   0x000000000042f30d <+2973>:	3b 05 21 f9 07 00	cmp    0x7f921(%rip),%eax        # 0x4aec34 <g_args+7732>
   0x000000000042f313 <+2979>:	8b 74 24 08	mov    0x8(%rsp),%esi
   0x000000000042f317 <+2983>:	7d 0d	jge    0x42f326 <dumpNormalTable+2998>
   0x000000000042f319 <+2985>:	8b 44 24 40	mov    0x40(%rsp),%eax
   0x000000000042f31d <+2989>:	29 f0	sub    %esi,%eax
   0x000000000042f31f <+2991>:	3d fa ff 00 00	cmp    $0xfffa,%eax
   0x000000000042f324 <+2996>:	7f 24	jg     0x42f34a <dumpNormalTable+3034>
   0x000000000042f326 <+2998>:	ba 02 00 00 00	mov    $0x2,%edx
   0x000000000042f32b <+3003>:	be 01 00 00 00	mov    $0x1,%esi
   0x000000000042f330 <+3008>:	bf 2a 5a 48 00	mov    $0x485a2a,%edi
   0x000000000042f335 <+3013>:	48 8b 8c 24 a8 01 00 00	mov    0x1a8(%rsp),%rcx
   0x000000000042f33d <+3021>:	e8 9e 97 fe ff	callq  0x418ae0 <fwrite@plt>
   0x000000000042f342 <+3026>:	c7 44 24 10 00 00 00 00	movl   $0x0,0x10(%rsp)
   0x000000000042f34a <+3034>:	83 c3 01	add    $0x1,%ebx
   0x000000000042f34d <+3037>:	3b 5c 24 70	cmp    0x70(%rsp),%ebx
   0x000000000042f351 <+3041>:	0f 8c 09 f8 ff ff	jl     0x42eb60 <dumpNormalTable+1008>
   0x000000000042f357 <+3047>:	e9 bc f7 ff ff	jmpq   0x42eb18 <dumpNormalTable+936>
   0x000000000042f35c <+3052>:	0f 1f 40 00	nopl   0x0(%rax)
   0x000000000042f360 <+3056>:	48 8b 4c 24 30	mov    0x30(%rsp),%rcx
   0x000000000042f365 <+3061>:	4c 89 fa	mov    %r15,%rdx
   0x000000000042f368 <+3064>:	be 88 91 48 00	mov    $0x489188,%esi
   0x000000000042f36d <+3069>:	31 c0	xor    %eax,%eax
   0x000000000042f36f <+3071>:	4c 8b 84 24 90 01 00 00	mov    0x190(%rsp),%r8
   0x000000000042f377 <+3079>:	48 8b 3d 72 4a 08 00	mov    0x84a72(%rip),%rdi        # 0x4b3df0 <stdout@@GLIBC_2.2.5>
   0x000000000042f37e <+3086>:	e8 2d 94 fe ff	callq  0x4187b0 <fprintf@plt>
   0x000000000042f383 <+3091>:	48 81 44 24 28 40 4b 4c 00	addq   $0x4c4b40,0x28(%rsp)
   0x000000000042f38c <+3100>:	e9 73 ff ff ff	jmpq   0x42f304 <dumpNormalTable+2964>
   0x000000000042f391 <+3105>:	0f 1f 80 00 00 00 00	nopl   0x0(%rax)
   0x000000000042f398 <+3112>:	49 8d 97 20 01 00 00	lea    0x120(%r15),%rdx
   0x000000000042f39f <+3119>:	e9 21 fb ff ff	jmpq   0x42eec5 <dumpNormalTable+1877>
   0x000000000042f3a4 <+3124>:	0f 1f 40 00	nopl   0x0(%rax)
   0x000000000042f3a8 <+3128>:	ba 05 00 00 00	mov    $0x5,%edx
   0x000000000042f3ad <+3133>:	be 01 00 00 00	mov    $0x1,%esi
   0x000000000042f3b2 <+3138>:	bf 10 50 48 00	mov    $0x485010,%edi
   0x000000000042f3b7 <+3143>:	48 8b 0d 3a 4a 08 00	mov    0x84a3a(%rip),%rcx        # 0x4b3df8 <stderr@@GLIBC_2.2.5>
   0x000000000042f3be <+3150>:	e8 1d 97 fe ff	callq  0x418ae0 <fwrite@plt>
   0x000000000042f3c3 <+3155>:	48 8b 3d 2e 4a 08 00	mov    0x84a2e(%rip),%rdi        # 0x4b3df8 <stderr@@GLIBC_2.2.5>
   0x000000000042f3ca <+3162>:	41 b8 10 51 48 00	mov    $0x485110,%r8d
   0x000000000042f3d0 <+3168>:	b9 e1 07 00 00	mov    $0x7e1,%ecx
   0x000000000042f3d5 <+3173>:	ba 80 ca 48 00	mov    $0x48ca80,%edx
   0x000000000042f3da <+3178>:	be 1a 51 48 00	mov    $0x48511a,%esi
   0x000000000042f3df <+3183>:	31 c0	xor    %eax,%eax
   0x000000000042f3e1 <+3185>:	e8 ca 93 fe ff	callq  0x4187b0 <fprintf@plt>
   0x000000000042f3e6 <+3190>:	ba 04 00 00 00	mov    $0x4,%edx
   0x000000000042f3eb <+3195>:	be 01 00 00 00	mov    $0x1,%esi
   0x000000000042f3f0 <+3200>:	48 8b 0d 01 4a 08 00	mov    0x84a01(%rip),%rcx        # 0x4b3df8 <stderr@@GLIBC_2.2.5>
   0x000000000042f3f7 <+3207>:	bf 16 50 48 00	mov    $0x485016,%edi
   0x000000000042f3fc <+3212>:	e8 df 96 fe ff	callq  0x418ae0 <fwrite@plt>
   0x000000000042f401 <+3217>:	e9 ea fa ff ff	jmpq   0x42eef0 <dumpNormalTable+1920>
   0x000000000042f406 <+3222>:	66 2e 0f 1f 84 00 00 00 00 00	nopw   %cs:0x0(%rax,%rax,1)
   0x000000000042f410 <+3232>:	48 8d 84 24 80 00 00 00	lea    0x80(%rsp),%rax
   0x000000000042f418 <+3240>:	4c 89 fe	mov    %r15,%rsi
   0x000000000042f41b <+3243>:	48 89 c7	mov    %rax,%rdi
   0x000000000042f41e <+3246>:	48 89 44 24 50	mov    %rax,0x50(%rsp)
   0x000000000042f423 <+3251>:	e8 f8 8f ff ff	callq  0x428420 <replaceCopy>
   0x000000000042f428 <+3256>:	4c 8b 4c 24 50	mov    0x50(%rsp),%r9
   0x000000000042f42d <+3261>:	84 c0	test   %al,%al
   0x000000000042f42f <+3263>:	4d 0f 44 cf	cmove  %r15,%r9
   0x000000000042f433 <+3267>:	e9 73 f9 ff ff	jmpq   0x42edab <dumpNormalTable+1595>
   0x000000000042f438 <+3272>:	0f 1f 84 00 00 00 00 00	nopl   0x0(%rax,%rax,1)
   0x000000000042f440 <+3280>:	8b 54 24 08	mov    0x8(%rsp),%edx
   0x000000000042f444 <+3284>:	48 8b 3d a5 49 08 00	mov    0x849a5(%rip),%rdi        # 0x4b3df0 <stdout@@GLIBC_2.2.5>
   0x000000000042f44b <+3291>:	be 2d 5a 48 00	mov    $0x485a2d,%esi
   0x000000000042f450 <+3296>:	31 c0	xor    %eax,%eax
   0x000000000042f452 <+3298>:	e8 59 93 fe ff	callq  0x4187b0 <fprintf@plt>
   0x000000000042f457 <+3303>:	e9 6c fd ff ff	jmpq   0x42f1c8 <dumpNormalTable+2648>
   0x000000000042f45c <+3308>:	0f 1f 40 00	nopl   0x0(%rax)
   0x000000000042f460 <+3312>:	ba 05 00 00 00	mov    $0x5,%edx
   0x000000000042f465 <+3317>:	be 01 00 00 00	mov    $0x1,%esi
   0x000000000042f46a <+3322>:	bf 10 50 48 00	mov    $0x485010,%edi
   0x000000000042f46f <+3327>:	48 8b 0d 82 49 08 00	mov    0x84982(%rip),%rcx        # 0x4b3df8 <stderr@@GLIBC_2.2.5>
   0x000000000042f476 <+3334>:	e8 65 96 fe ff	callq  0x418ae0 <fwrite@plt>
   0x000000000042f47b <+3339>:	41 89 d8	mov    %ebx,%r8d
   0x000000000042f47e <+3342>:	b9 52 22 00 00	mov    $0x2252,%ecx
   0x000000000042f483 <+3347>:	31 c0	xor    %eax,%eax
   0x000000000042f485 <+3349>:	48 8b 3d 6c 49 08 00	mov    0x8496c(%rip),%rdi        # 0x4b3df8 <stderr@@GLIBC_2.2.5>
   0x000000000042f48c <+3356>:	ba a0 ca 48 00	mov    $0x48caa0,%edx
   0x000000000042f491 <+3361>:	be 88 90 48 00	mov    $0x489088,%esi
   0x000000000042f496 <+3366>:	e8 15 93 fe ff	callq  0x4187b0 <fprintf@plt>
   0x000000000042f49b <+3371>:	bf 16 50 48 00	mov    $0x485016,%edi
   0x000000000042f4a0 <+3376>:	ba 04 00 00 00	mov    $0x4,%edx
   0x000000000042f4a5 <+3381>:	48 8b 0d 4c 49 08 00	mov    0x8494c(%rip),%rcx        # 0x4b3df8 <stderr@@GLIBC_2.2.5>
   0x000000000042f4ac <+3388>:	be 01 00 00 00	mov    $0x1,%esi
   0x000000000042f4b1 <+3393>:	e8 2a 96 fe ff	callq  0x418ae0 <fwrite@plt>
   0x000000000042f4b6 <+3398>:	48 8b 7c 24 78	mov    0x78(%rsp),%rdi
   0x000000000042f4bb <+3403>:	48 85 ff	test   %rdi,%rdi
   0x000000000042f4be <+3406>:	0f 84 db f4 ff ff	je     0x42e99f <dumpNormalTable+559>
   0x000000000042f4c4 <+3412>:	be 01 00 00 00	mov    $0x1,%esi
   0x000000000042f4c9 <+3417>:	e8 92 02 ff ff	callq  0x41f760 <freeTbDes.part.0>
   0x000000000042f4ce <+3422>:	49 c7 c7 ff ff ff ff	mov    $0xffffffffffffffff,%r15
   0x000000000042f4d5 <+3429>:	e9 3f f4 ff ff	jmpq   0x42e919 <dumpNormalTable+425>
   0x000000000042f4da <+3434>:	66 0f 1f 44 00 00	nopw   0x0(%rax,%rax,1)
   0x000000000042f4e0 <+3440>:	f7 05 72 f7 07 00 00 ff ff 00	testl  $0xffff00,0x7f772(%rip)        # 0x4aec5c <g_args+7772>
   0x000000000042f4ea <+3450>:	0f 84 fb f7 ff ff	je     0x42eceb <dumpNormalTable+1403>
   0x000000000042f4f0 <+3456>:	4c 8b 74 24 38	mov    0x38(%rsp),%r14
   0x000000000042f4f5 <+3461>:	4c 89 f7	mov    %r14,%rdi
   0x000000000042f4f8 <+3464>:	e8 63 94 fe ff	callq  0x418960 <ws_errstr@plt>
   0x000000000042f4fd <+3469>:	4c 89 f7	mov    %r14,%rdi
   0x000000000042f500 <+3472>:	48 89 c3	mov    %rax,%rbx
   0x000000000042f503 <+3475>:	e8 b8 94 fe ff	callq  0x4189c0 <ws_errno@plt>
   0x000000000042f508 <+3480>:	48 8b 3d e1 48 08 00	mov    0x848e1(%rip),%rdi        # 0x4b3df0 <stdout@@GLIBC_2.2.5>
   0x000000000042f50f <+3487>:	49 89 d9	mov    %rbx,%r9
   0x000000000042f512 <+3490>:	b9 86 1f 00 00	mov    $0x1f86,%ecx
   0x000000000042f517 <+3495>:	41 89 c0	mov    %eax,%r8d
   0x000000000042f51a <+3498>:	ba a0 c7 48 00	mov    $0x48c7a0,%edx
   0x000000000042f51f <+3503>:	be 00 91 48 00	mov    $0x489100,%esi
   0x000000000042f524 <+3508>:	31 c0	xor    %eax,%eax
   0x000000000042f526 <+3510>:	e8 85 92 fe ff	callq  0x4187b0 <fprintf@plt>
   0x000000000042f52b <+3515>:	8b 05 2b f7 07 00	mov    0x7f72b(%rip),%eax        # 0x4aec5c <g_args+7772>
   0x000000000042f531 <+3521>:	25 00 ff ff 00	and    $0xffff00,%eax
   0x000000000042f536 <+3526>:	e9 95 f7 ff ff	jmpq   0x42ecd0 <dumpNormalTable+1376>
   0x000000000042f53b <+3531>:	0f 1f 44 00 00	nopl   0x0(%rax,%rax,1)
   0x000000000042f540 <+3536>:	ba 05 00 00 00	mov    $0x5,%edx
   0x000000000042f545 <+3541>:	be 01 00 00 00	mov    $0x1,%esi
   0x000000000042f54a <+3546>:	bf 10 50 48 00	mov    $0x485010,%edi
   0x000000000042f54f <+3551>:	48 8b 0d a2 48 08 00	mov    0x848a2(%rip),%rcx        # 0x4b3df8 <stderr@@GLIBC_2.2.5>
   0x000000000042f556 <+3558>:	e8 85 95 fe ff	callq  0x418ae0 <fwrite@plt>
   0x000000000042f55b <+3563>:	48 8b 3d 96 48 08 00	mov    0x84896(%rip),%rdi        # 0x4b3df8 <stderr@@GLIBC_2.2.5>
   0x000000000042f562 <+3570>:	41 b8 10 51 48 00	mov    $0x485110,%r8d
   0x000000000042f568 <+3576>:	b9 ef 1f 00 00	mov    $0x1fef,%ecx
   0x000000000042f56d <+3581>:	ba 60 c7 48 00	mov    $0x48c760,%edx
   0x000000000042f572 <+3586>:	be 1a 51 48 00	mov    $0x48511a,%esi
   0x000000000042f577 <+3591>:	31 c0	xor    %eax,%eax
   0x000000000042f579 <+3593>:	e8 32 92 fe ff	callq  0x4187b0 <fprintf@plt>
   0x000000000042f57e <+3598>:	ba 04 00 00 00	mov    $0x4,%edx
   0x000000000042f583 <+3603>:	be 01 00 00 00	mov    $0x1,%esi
   0x000000000042f588 <+3608>:	48 8b 0d 69 48 08 00	mov    0x84869(%rip),%rcx        # 0x4b3df8 <stderr@@GLIBC_2.2.5>
   0x000000000042f58f <+3615>:	bf 16 50 48 00	mov    $0x485016,%edi
   0x000000000042f594 <+3620>:	e8 47 95 fe ff	callq  0x418ae0 <fwrite@plt>
   0x000000000042f599 <+3625>:	e9 22 fa ff ff	jmpq   0x42efc0 <dumpNormalTable+2128>
   0x000000000042f59e <+3630>:	66 90	xchg   %ax,%ax
   0x000000000042f5a0 <+3632>:	e8 3b 8b fe ff	callq  0x4180e0 <ws_fetch_fields@plt>
   0x000000000042f5a5 <+3637>:	48 89 44 24 48	mov    %rax,0x48(%rsp)
   0x000000000042f5aa <+3642>:	e9 38 f5 ff ff	jmpq   0x42eae7 <dumpNormalTable+887>
   0x000000000042f5af <+3647>:	90	nop
   0x000000000042f5b0 <+3648>:	ba 05 00 00 00	mov    $0x5,%edx
   0x000000000042f5b5 <+3653>:	be 01 00 00 00	mov    $0x1,%esi
   0x000000000042f5ba <+3658>:	bf 10 50 48 00	mov    $0x485010,%edi
   0x000000000042f5bf <+3663>:	48 8b 0d 32 48 08 00	mov    0x84832(%rip),%rcx        # 0x4b3df8 <stderr@@GLIBC_2.2.5>
   0x000000000042f5c6 <+3670>:	e8 15 95 fe ff	callq  0x418ae0 <fwrite@plt>
   0x000000000042f5cb <+3675>:	48 8b 3d 26 48 08 00	mov    0x84826(%rip),%rdi        # 0x4b3df8 <stderr@@GLIBC_2.2.5>
   0x000000000042f5d2 <+3682>:	41 b8 10 51 48 00	mov    $0x485110,%r8d
   0x000000000042f5d8 <+3688>:	b9 6a 1f 00 00	mov    $0x1f6a,%ecx
   0x000000000042f5dd <+3693>:	ba a0 c7 48 00	mov    $0x48c7a0,%edx
   0x000000000042f5e2 <+3698>:	be 1a 51 48 00	mov    $0x48511a,%esi
   0x000000000042f5e7 <+3703>:	31 c0	xor    %eax,%eax
   0x000000000042f5e9 <+3705>:	e8 c2 91 fe ff	callq  0x4187b0 <fprintf@plt>
   0x000000000042f5ee <+3710>:	ba 04 00 00 00	mov    $0x4,%edx
   0x000000000042f5f3 <+3715>:	be 01 00 00 00	mov    $0x1,%esi
   0x000000000042f5f8 <+3720>:	48 8b 0d f9 47 08 00	mov    0x847f9(%rip),%rcx        # 0x4b3df8 <stderr@@GLIBC_2.2.5>
   0x000000000042f5ff <+3727>:	bf 16 50 48 00	mov    $0x485016,%edi
   0x000000000042f604 <+3732>:	e8 d7 94 fe ff	callq  0x418ae0 <fwrite@plt>
   0x000000000042f609 <+3737>:	e9 bd f4 ff ff	jmpq   0x42eacb <dumpNormalTable+859>
   0x000000000042f60e <+3742>:	ba 05 00 00 00	mov    $0x5,%edx
   0x000000000042f613 <+3747>:	be 01 00 00 00	mov    $0x1,%esi
   0x000000000042f618 <+3752>:	bf 10 50 48 00	mov    $0x485010,%edi
   0x000000000042f61d <+3757>:	48 8b 0d d4 47 08 00	mov    0x847d4(%rip),%rcx        # 0x4b3df8 <stderr@@GLIBC_2.2.5>
   0x000000000042f624 <+3764>:	e8 b7 94 fe ff	callq  0x418ae0 <fwrite@plt>
   0x000000000042f629 <+3769>:	b9 d5 21 00 00	mov    $0x21d5,%ecx
   0x000000000042f62e <+3774>:	ba a0 ca 48 00	mov    $0x48caa0,%edx
   0x000000000042f633 <+3779>:	be d0 8f 48 00	mov    $0x488fd0,%esi
   0x000000000042f638 <+3784>:	48 8b 3d b9 47 08 00	mov    0x847b9(%rip),%rdi        # 0x4b3df8 <stderr@@GLIBC_2.2.5>
   0x000000000042f63f <+3791>:	31 c0	xor    %eax,%eax
   0x000000000042f641 <+3793>:	49 c7 c7 ff ff ff ff	mov    $0xffffffffffffffff,%r15
   0x000000000042f648 <+3800>:	e8 63 91 fe ff	callq  0x4187b0 <fprintf@plt>
   0x000000000042f64d <+3805>:	ba 04 00 00 00	mov    $0x4,%edx
   0x000000000042f652 <+3810>:	be 01 00 00 00	mov    $0x1,%esi
   0x000000000042f657 <+3815>:	48 8b 0d 9a 47 08 00	mov    0x8479a(%rip),%rcx        # 0x4b3df8 <stderr@@GLIBC_2.2.5>
   0x000000000042f65e <+3822>:	bf 16 50 48 00	mov    $0x485016,%edi
   0x000000000042f663 <+3827>:	e8 78 94 fe ff	callq  0x418ae0 <fwrite@plt>
   0x000000000042f668 <+3832>:	e9 ac f2 ff ff	jmpq   0x42e919 <dumpNormalTable+425>
   0x000000000042f66d <+3837>:	48 8b 7c 24 78	mov    0x78(%rsp),%rdi
   0x000000000042f672 <+3842>:	49 c7 c7 ff ff ff ff	mov    $0xffffffffffffffff,%r15
   0x000000000042f679 <+3849>:	e9 8c f2 ff ff	jmpq   0x42e90a <dumpNormalTable+410>
   0x000000000042f67e <+3854>:	ba 05 00 00 00	mov    $0x5,%edx
   0x000000000042f683 <+3859>:	be 01 00 00 00	mov    $0x1,%esi
   0x000000000042f688 <+3864>:	bf 10 50 48 00	mov    $0x485010,%edi
   0x000000000042f68d <+3869>:	48 8b 0d 64 47 08 00	mov    0x84764(%rip),%rcx        # 0x4b3df8 <stderr@@GLIBC_2.2.5>
   0x000000000042f694 <+3876>:	e8 47 94 fe ff	callq  0x418ae0 <fwrite@plt>
   0x000000000042f699 <+3881>:	4c 8b 84 24 90 01 00 00	mov    0x190(%rsp),%r8
   0x000000000042f6a1 <+3889>:	b9 15 22 00 00	mov    $0x2215,%ecx
   0x000000000042f6a6 <+3894>:	48 8b 3d 4b 47 08 00	mov    0x8474b(%rip),%rdi        # 0x4b3df8 <stderr@@GLIBC_2.2.5>
   0x000000000042f6ad <+3901>:	ba a0 ca 48 00	mov    $0x48caa0,%edx
   0x000000000042f6b2 <+3906>:	be f8 8f 48 00	mov    $0x488ff8,%esi
   0x000000000042f6b7 <+3911>:	31 c0	xor    %eax,%eax
   0x000000000042f6b9 <+3913>:	49 c7 c7 ff ff ff ff	mov    $0xffffffffffffffff,%r15
   0x000000000042f6c0 <+3920>:	e8 eb 90 fe ff	callq  0x4187b0 <fprintf@plt>
   0x000000000042f6c5 <+3925>:	ba 04 00 00 00	mov    $0x4,%edx
   0x000000000042f6ca <+3930>:	be 01 00 00 00	mov    $0x1,%esi
   0x000000000042f6cf <+3935>:	48 8b 0d 22 47 08 00	mov    0x84722(%rip),%rcx        # 0x4b3df8 <stderr@@GLIBC_2.2.5>
   0x000000000042f6d6 <+3942>:	bf 16 50 48 00	mov    $0x485016,%edi
   0x000000000042f6db <+3947>:	e8 00 94 fe ff	callq  0x418ae0 <fwrite@plt>
   0x000000000042f6e0 <+3952>:	48 8b 7c 24 78	mov    0x78(%rsp),%rdi
   0x000000000042f6e5 <+3957>:	e8 26 8f fe ff	callq  0x418610 <free@plt>
   0x000000000042f6ea <+3962>:	e9 2a f2 ff ff	jmpq   0x42e919 <dumpNormalTable+425>
   0x000000000042f6ef <+3967>:	ba 05 00 00 00	mov    $0x5,%edx
   0x000000000042f6f4 <+3972>:	be 01 00 00 00	mov    $0x1,%esi
   0x000000000042f6f9 <+3977>:	bf 10 50 48 00	mov    $0x485010,%edi
   0x000000000042f6fe <+3982>:	48 8b 0d f3 46 08 00	mov    0x846f3(%rip),%rcx        # 0x4b3df8 <stderr@@GLIBC_2.2.5>
   0x000000000042f705 <+3989>:	e8 d6 93 fe ff	callq  0x418ae0 <fwrite@plt>
   0x000000000042f70a <+3994>:	4c 8b 84 24 90 01 00 00	mov    0x190(%rsp),%r8
   0x000000000042f712 <+4002>:	b9 f5 21 00 00	mov    $0x21f5,%ecx
   0x000000000042f717 <+4007>:	eb 8d	jmp    0x42f6a6 <dumpNormalTable+3894>
   0x000000000042f719 <+4009>:	ba 05 00 00 00	mov    $0x5,%edx
   0x000000000042f71e <+4014>:	be 01 00 00 00	mov    $0x1,%esi
   0x000000000042f723 <+4019>:	bf 10 50 48 00	mov    $0x485010,%edi
   0x000000000042f728 <+4024>:	48 8b 0d c9 46 08 00	mov    0x846c9(%rip),%rcx        # 0x4b3df8 <stderr@@GLIBC_2.2.5>
   0x000000000042f72f <+4031>:	e8 ac 93 fe ff	callq  0x418ae0 <fwrite@plt>
   0x000000000042f734 <+4036>:	b9 02 22 00 00	mov    $0x2202,%ecx
   0x000000000042f739 <+4041>:	ba a0 ca 48 00	mov    $0x48caa0,%edx
   0x000000000042f73e <+4046>:	be d8 6d 48 00	mov    $0x486dd8,%esi
   0x000000000042f743 <+4051>:	e9 f0 fe ff ff	jmpq   0x42f638 <dumpNormalTable+3784>
   0x000000000042f748 <+4056>:	ba 05 00 00 00	mov    $0x5,%edx
   0x000000000042f74d <+4061>:	be 01 00 00 00	mov    $0x1,%esi
   0x000000000042f752 <+4066>:	bf 10 50 48 00	mov    $0x485010,%edi
   0x000000000042f757 <+4071>:	48 8b 0d 9a 46 08 00	mov    0x8469a(%rip),%rcx        # 0x4b3df8 <stderr@@GLIBC_2.2.5>
   0x000000000042f75e <+4078>:	e8 7d 93 fe ff	callq  0x418ae0 <fwrite@plt>
   0x000000000042f763 <+4083>:	b9 e3 21 00 00	mov    $0x21e3,%ecx
   0x000000000042f768 <+4088>:	eb cf	jmp    0x42f739 <dumpNormalTable+4041>
   0x000000000042f76a <+4090>:	ba 05 00 00 00	mov    $0x5,%edx
   0x000000000042f76f <+4095>:	be 01 00 00 00	mov    $0x1,%esi
   0x000000000042f774 <+4100>:	bf 10 50 48 00	mov    $0x485010,%edi
   0x000000000042f779 <+4105>:	48 8b 0d 78 46 08 00	mov    0x84678(%rip),%rcx        # 0x4b3df8 <stderr@@GLIBC_2.2.5>
   0x000000000042f780 <+4112>:	e8 5b 93 fe ff	callq  0x418ae0 <fwrite@plt>
   0x000000000042f785 <+4117>:	48 8b 3d 6c 46 08 00	mov    0x8466c(%rip),%rdi        # 0x4b3df8 <stderr@@GLIBC_2.2.5>
   0x000000000042f78c <+4124>:	41 b8 c8 ff 00 00	mov    $0xffc8,%r8d
   0x000000000042f792 <+4130>:	b9 c8 07 00 00	mov    $0x7c8,%ecx
   0x000000000042f797 <+4135>:	ba 80 ca 48 00	mov    $0x48ca80,%edx
   0x000000000042f79c <+4140>:	be 30 90 48 00	mov    $0x489030,%esi
   0x000000000042f7a1 <+4145>:	31 c0	xor    %eax,%eax
   0x000000000042f7a3 <+4147>:	e8 08 90 fe ff	callq  0x4187b0 <fprintf@plt>
   0x000000000042f7a8 <+4152>:	ba 04 00 00 00	mov    $0x4,%edx
   0x000000000042f7ad <+4157>:	be 01 00 00 00	mov    $0x1,%esi
   0x000000000042f7b2 <+4162>:	48 8b 0d 3f 46 08 00	mov    0x8463f(%rip),%rcx        # 0x4b3df8 <stderr@@GLIBC_2.2.5>
   0x000000000042f7b9 <+4169>:	bf 16 50 48 00	mov    $0x485016,%edi
   0x000000000042f7be <+4174>:	e8 1d 93 fe ff	callq  0x418ae0 <fwrite@plt>
   0x000000000042f7c3 <+4179>:	e9 2d f1 ff ff	jmpq   0x42e8f5 <dumpNormalTable+389>
   0x000000000042f7c8 <+4184>:	48 8b 0d 29 46 08 00	mov    0x84629(%rip),%rcx        # 0x4b3df8 <stderr@@GLIBC_2.2.5>
   0x000000000042f7cf <+4191>:	ba 05 00 00 00	mov    $0x5,%edx
   0x000000000042f7d4 <+4196>:	be 01 00 00 00	mov    $0x1,%esi
   0x000000000042f7d9 <+4201>:	45 31 ff	xor    %r15d,%r15d
   0x000000000042f7dc <+4204>:	bf 10 50 48 00	mov    $0x485010,%edi
   0x000000000042f7e1 <+4209>:	e8 fa 92 fe ff	callq  0x418ae0 <fwrite@plt>
   0x000000000042f7e6 <+4214>:	48 8b 3d 0b 46 08 00	mov    0x8460b(%rip),%rdi        # 0x4b3df8 <stderr@@GLIBC_2.2.5>
   0x000000000042f7ed <+4221>:	b9 60 1f 00 00	mov    $0x1f60,%ecx
   0x000000000042f7f2 <+4226>:	31 c0	xor    %eax,%eax
   0x000000000042f7f4 <+4228>:	ba a0 c7 48 00	mov    $0x48c7a0,%edx
   0x000000000042f7f9 <+4233>:	be d8 6d 48 00	mov    $0x486dd8,%esi
   0x000000000042f7fe <+4238>:	e8 ad 8f fe ff	callq  0x4187b0 <fprintf@plt>
   0x000000000042f803 <+4243>:	ba 04 00 00 00	mov    $0x4,%edx
   0x000000000042f808 <+4248>:	be 01 00 00 00	mov    $0x1,%esi
   0x000000000042f80d <+4253>:	48 8b 0d e4 45 08 00	mov    0x845e4(%rip),%rcx        # 0x4b3df8 <stderr@@GLIBC_2.2.5>
   0x000000000042f814 <+4260>:	bf 16 50 48 00	mov    $0x485016,%edi
   0x000000000042f819 <+4265>:	e8 c2 92 fe ff	callq  0x418ae0 <fwrite@plt>
   0x000000000042f81e <+4270>:	e9 e2 f4 ff ff	jmpq   0x42ed05 <dumpNormalTable+1429>
   0x000000000042f823 <+4275>:	ba 05 00 00 00	mov    $0x5,%edx
   0x000000000042f828 <+4280>:	be 01 00 00 00	mov    $0x1,%esi
   0x000000000042f82d <+4285>:	bf 10 50 48 00	mov    $0x485010,%edi
   0x000000000042f832 <+4290>:	48 8b 0d bf 45 08 00	mov    0x845bf(%rip),%rcx        # 0x4b3df8 <stderr@@GLIBC_2.2.5>
   0x000000000042f839 <+4297>:	e8 a2 92 fe ff	callq  0x418ae0 <fwrite@plt>
   0x000000000042f83e <+4302>:	b9 3d 22 00 00	mov    $0x223d,%ecx
   0x000000000042f843 <+4307>:	e9 f1 fe ff ff	jmpq   0x42f739 <dumpNormalTable+4041>
   0x000000000042f848 <+4312>:	48 8b 0d a9 45 08 00	mov    0x845a9(%rip),%rcx        # 0x4b3df8 <stderr@@GLIBC_2.2.5>
   0x000000000042f84f <+4319>:	ba 05 00 00 00	mov    $0x5,%edx
   0x000000000042f854 <+4324>:	be 01 00 00 00	mov    $0x1,%esi
   0x000000000042f859 <+4329>:	45 31 ff	xor    %r15d,%r15d
   0x000000000042f85c <+4332>:	bf 10 50 48 00	mov    $0x485010,%edi
   0x000000000042f861 <+4337>:	e8 7a 92 fe ff	callq  0x418ae0 <fwrite@plt>
   0x000000000042f866 <+4342>:	48 8b 3d 8b 45 08 00	mov    0x8458b(%rip),%rdi        # 0x4b3df8 <stderr@@GLIBC_2.2.5>
   0x000000000042f86d <+4349>:	b9 e4 1f 00 00	mov    $0x1fe4,%ecx
   0x000000000042f872 <+4354>:	31 c0	xor    %eax,%eax
   0x000000000042f874 <+4356>:	ba 60 c7 48 00	mov    $0x48c760,%edx
   0x000000000042f879 <+4361>:	be d8 6d 48 00	mov    $0x486dd8,%esi
   0x000000000042f87e <+4366>:	e8 2d 8f fe ff	callq  0x4187b0 <fprintf@plt>
   0x000000000042f883 <+4371>:	ba 04 00 00 00	mov    $0x4,%edx
   0x000000000042f888 <+4376>:	be 01 00 00 00	mov    $0x1,%esi
   0x000000000042f88d <+4381>:	48 8b 0d 64 45 08 00	mov    0x84564(%rip),%rcx        # 0x4b3df8 <stderr@@GLIBC_2.2.5>
   0x000000000042f894 <+4388>:	bf 16 50 48 00	mov    $0x485016,%edi
   0x000000000042f899 <+4393>:	e8 42 92 fe ff	callq  0x418ae0 <fwrite@plt>
   0x000000000042f89e <+4398>:	e9 3f f9 ff ff	jmpq   0x42f1e2 <dumpNormalTable+2674>
End of assembler dump.
